CRITICAL - 2021-03-13 00:57:55 --> Undefined variable: msg
#0 /var/www/html/SMAP/app/Controllers/User.php(319): CodeIgniter\Debug\Exceptions->errorHandler(8, 'Undefined varia...', '/var/www/html/S...', 319, Array)
#1 /var/www/html/SMAP/system/CodeIgniter.php(936): App\Controllers\User->edit()
#2 /var/www/html/SMAP/system/CodeIgniter.php(432): CodeIgniter\CodeIgniter->runController(Object(App\Controllers\User))
#3 /var/www/html/SMAP/system/CodeIgniter.php(333): CodeIgniter\CodeIgniter->handleRequest(NULL, Object(Config\Cache), false)
#4 /var/www/html/SMAP/public/index.php(44): CodeIgniter\CodeIgniter->run()
#5 /var/www/html/SMAP/system/Commands/Server/rewrite.php(45): require_once('/var/www/html/S...')
#6 {main}
CRITICAL - 2021-03-13 00:57:55 --> Undefined variable: msg
#0 /var/www/html/SMAP/app/Controllers/User.php(319): CodeIgniter\Debug\Exceptions->errorHandler(8, 'Undefined varia...', '/var/www/html/S...', 319, Array)
#1 /var/www/html/SMAP/system/CodeIgniter.php(936): App\Controllers\User->edit()
#2 /var/www/html/SMAP/system/CodeIgniter.php(432): CodeIgniter\CodeIgniter->runController(Object(App\Controllers\User))
#3 /var/www/html/SMAP/system/CodeIgniter.php(333): CodeIgniter\CodeIgniter->handleRequest(NULL, Object(Config\Cache), false)
#4 /var/www/html/SMAP/public/index.php(44): CodeIgniter\CodeIgniter->run()
#5 /var/www/html/SMAP/system/Commands/Server/rewrite.php(45): require_once('/var/www/html/S...')
#6 {main}
CRITICAL - 2021-03-13 00:57:56 --> Undefined variable: msg
#0 /var/www/html/SMAP/app/Controllers/User.php(319): CodeIgniter\Debug\Exceptions->errorHandler(8, 'Undefined varia...', '/var/www/html/S...', 319, Array)
#1 /var/www/html/SMAP/system/CodeIgniter.php(936): App\Controllers\User->edit()
#2 /var/www/html/SMAP/system/CodeIgniter.php(432): CodeIgniter\CodeIgniter->runController(Object(App\Controllers\User))
#3 /var/www/html/SMAP/system/CodeIgniter.php(333): CodeIgniter\CodeIgniter->handleRequest(NULL, Object(Config\Cache), false)
#4 /var/www/html/SMAP/public/index.php(44): CodeIgniter\CodeIgniter->run()
#5 /var/www/html/SMAP/system/Commands/Server/rewrite.php(45): require_once('/var/www/html/S...')
#6 {main}
CRITICAL - 2021-03-13 00:57:56 --> Undefined variable: msg
#0 /var/www/html/SMAP/app/Controllers/User.php(319): CodeIgniter\Debug\Exceptions->errorHandler(8, 'Undefined varia...', '/var/www/html/S...', 319, Array)
#1 /var/www/html/SMAP/system/CodeIgniter.php(936): App\Controllers\User->edit()
#2 /var/www/html/SMAP/system/CodeIgniter.php(432): CodeIgniter\CodeIgniter->runController(Object(App\Controllers\User))
#3 /var/www/html/SMAP/system/CodeIgniter.php(333): CodeIgniter\CodeIgniter->handleRequest(NULL, Object(Config\Cache), false)
#4 /var/www/html/SMAP/public/index.php(44): CodeIgniter\CodeIgniter->run()
#5 /var/www/html/SMAP/system/Commands/Server/rewrite.php(45): require_once('/var/www/html/S...')
#6 {main}
CRITICAL - 2021-03-13 00:57:57 --> Undefined variable: msg
#0 /var/www/html/SMAP/app/Controllers/User.php(319): CodeIgniter\Debug\Exceptions->errorHandler(8, 'Undefined varia...', '/var/www/html/S...', 319, Array)
#1 /var/www/html/SMAP/system/CodeIgniter.php(936): App\Controllers\User->edit()
#2 /var/www/html/SMAP/system/CodeIgniter.php(432): CodeIgniter\CodeIgniter->runController(Object(App\Controllers\User))
#3 /var/www/html/SMAP/system/CodeIgniter.php(333): CodeIgniter\CodeIgniter->handleRequest(NULL, Object(Config\Cache), false)
#4 /var/www/html/SMAP/public/index.php(44): CodeIgniter\CodeIgniter->run()
#5 /var/www/html/SMAP/system/Commands/Server/rewrite.php(45): require_once('/var/www/html/S...')
#6 {main}
CRITICAL - 2021-03-13 00:58:07 --> Undefined variable: msg
#0 /var/www/html/SMAP/app/Controllers/User.php(319): CodeIgniter\Debug\Exceptions->errorHandler(8, 'Undefined varia...', '/var/www/html/S...', 319, Array)
#1 /var/www/html/SMAP/system/CodeIgniter.php(936): App\Controllers\User->edit()
#2 /var/www/html/SMAP/system/CodeIgniter.php(432): CodeIgniter\CodeIgniter->runController(Object(App\Controllers\User))
#3 /var/www/html/SMAP/system/CodeIgniter.php(333): CodeIgniter\CodeIgniter->handleRequest(NULL, Object(Config\Cache), false)
#4 /var/www/html/SMAP/public/index.php(44): CodeIgniter\CodeIgniter->run()
#5 /var/www/html/SMAP/system/Commands/Server/rewrite.php(45): require_once('/var/www/html/S...')
#6 {main}
CRITICAL - 2021-03-13 00:58:58 --> Undefined variable: msg
#0 /var/www/html/SMAP/app/Controllers/User.php(319): CodeIgniter\Debug\Exceptions->errorHandler(8, 'Undefined varia...', '/var/www/html/S...', 319, Array)
#1 /var/www/html/SMAP/system/CodeIgniter.php(936): App\Controllers\User->edit()
#2 /var/www/html/SMAP/system/CodeIgniter.php(432): CodeIgniter\CodeIgniter->runController(Object(App\Controllers\User))
#3 /var/www/html/SMAP/system/CodeIgniter.php(333): CodeIgniter\CodeIgniter->handleRequest(NULL, Object(Config\Cache), false)
#4 /var/www/html/SMAP/public/index.php(44): CodeIgniter\CodeIgniter->run()
#5 /var/www/html/SMAP/system/Commands/Server/rewrite.php(45): require_once('/var/www/html/S...')
#6 {main}
CRITICAL - 2021-03-13 00:59:06 --> Undefined variable: msg
#0 /var/www/html/SMAP/app/Controllers/User.php(319): CodeIgniter\Debug\Exceptions->errorHandler(8, 'Undefined varia...', '/var/www/html/S...', 319, Array)
#1 /var/www/html/SMAP/system/CodeIgniter.php(936): App\Controllers\User->edit()
#2 /var/www/html/SMAP/system/CodeIgniter.php(432): CodeIgniter\CodeIgniter->runController(Object(App\Controllers\User))
#3 /var/www/html/SMAP/system/CodeIgniter.php(333): CodeIgniter\CodeIgniter->handleRequest(NULL, Object(Config\Cache), false)
#4 /var/www/html/SMAP/public/index.php(44): CodeIgniter\CodeIgniter->run()
#5 /var/www/html/SMAP/system/Commands/Server/rewrite.php(45): require_once('/var/www/html/S...')
#6 {main}
CRITICAL - 2021-03-13 00:59:06 --> Undefined variable: msg
#0 /var/www/html/SMAP/app/Controllers/User.php(319): CodeIgniter\Debug\Exceptions->errorHandler(8, 'Undefined varia...', '/var/www/html/S...', 319, Array)
#1 /var/www/html/SMAP/system/CodeIgniter.php(936): App\Controllers\User->edit()
#2 /var/www/html/SMAP/system/CodeIgniter.php(432): CodeIgniter\CodeIgniter->runController(Object(App\Controllers\User))
#3 /var/www/html/SMAP/system/CodeIgniter.php(333): CodeIgniter\CodeIgniter->handleRequest(NULL, Object(Config\Cache), false)
#4 /var/www/html/SMAP/public/index.php(44): CodeIgniter\CodeIgniter->run()
#5 /var/www/html/SMAP/system/Commands/Server/rewrite.php(45): require_once('/var/www/html/S...')
#6 {main}
CRITICAL - 2021-03-13 00:59:07 --> Undefined variable: msg
#0 /var/www/html/SMAP/app/Controllers/User.php(319): CodeIgniter\Debug\Exceptions->errorHandler(8, 'Undefined varia...', '/var/www/html/S...', 319, Array)
#1 /var/www/html/SMAP/system/CodeIgniter.php(936): App\Controllers\User->edit()
#2 /var/www/html/SMAP/system/CodeIgniter.php(432): CodeIgniter\CodeIgniter->runController(Object(App\Controllers\User))
#3 /var/www/html/SMAP/system/CodeIgniter.php(333): CodeIgniter\CodeIgniter->handleRequest(NULL, Object(Config\Cache), false)
#4 /var/www/html/SMAP/public/index.php(44): CodeIgniter\CodeIgniter->run()
#5 /var/www/html/SMAP/system/Commands/Server/rewrite.php(45): require_once('/var/www/html/S...')
#6 {main}
CRITICAL - 2021-03-13 00:59:07 --> Undefined variable: msg
#0 /var/www/html/SMAP/app/Controllers/User.php(319): CodeIgniter\Debug\Exceptions->errorHandler(8, 'Undefined varia...', '/var/www/html/S...', 319, Array)
#1 /var/www/html/SMAP/system/CodeIgniter.php(936): App\Controllers\User->edit()
#2 /var/www/html/SMAP/system/CodeIgniter.php(432): CodeIgniter\CodeIgniter->runController(Object(App\Controllers\User))
#3 /var/www/html/SMAP/system/CodeIgniter.php(333): CodeIgniter\CodeIgniter->handleRequest(NULL, Object(Config\Cache), false)
#4 /var/www/html/SMAP/public/index.php(44): CodeIgniter\CodeIgniter->run()
#5 /var/www/html/SMAP/system/Commands/Server/rewrite.php(45): require_once('/var/www/html/S...')
#6 {main}
CRITICAL - 2021-03-13 00:59:07 --> Undefined variable: msg
#0 /var/www/html/SMAP/app/Controllers/User.php(319): CodeIgniter\Debug\Exceptions->errorHandler(8, 'Undefined varia...', '/var/www/html/S...', 319, Array)
#1 /var/www/html/SMAP/system/CodeIgniter.php(936): App\Controllers\User->edit()
#2 /var/www/html/SMAP/system/CodeIgniter.php(432): CodeIgniter\CodeIgniter->runController(Object(App\Controllers\User))
#3 /var/www/html/SMAP/system/CodeIgniter.php(333): CodeIgniter\CodeIgniter->handleRequest(NULL, Object(Config\Cache), false)
#4 /var/www/html/SMAP/public/index.php(44): CodeIgniter\CodeIgniter->run()
#5 /var/www/html/SMAP/system/Commands/Server/rewrite.php(45): require_once('/var/www/html/S...')
#6 {main}
CRITICAL - 2021-03-13 00:59:07 --> Undefined variable: msg
#0 /var/www/html/SMAP/app/Controllers/User.php(319): CodeIgniter\Debug\Exceptions->errorHandler(8, 'Undefined varia...', '/var/www/html/S...', 319, Array)
#1 /var/www/html/SMAP/system/CodeIgniter.php(936): App\Controllers\User->edit()
#2 /var/www/html/SMAP/system/CodeIgniter.php(432): CodeIgniter\CodeIgniter->runController(Object(App\Controllers\User))
#3 /var/www/html/SMAP/system/CodeIgniter.php(333): CodeIgniter\CodeIgniter->handleRequest(NULL, Object(Config\Cache), false)
#4 /var/www/html/SMAP/public/index.php(44): CodeIgniter\CodeIgniter->run()
#5 /var/www/html/SMAP/system/Commands/Server/rewrite.php(45): require_once('/var/www/html/S...')
#6 {main}
CRITICAL - 2021-03-13 00:59:08 --> Undefined variable: msg
#0 /var/www/html/SMAP/app/Controllers/User.php(319): CodeIgniter\Debug\Exceptions->errorHandler(8, 'Undefined varia...', '/var/www/html/S...', 319, Array)
#1 /var/www/html/SMAP/system/CodeIgniter.php(936): App\Controllers\User->edit()
#2 /var/www/html/SMAP/system/CodeIgniter.php(432): CodeIgniter\CodeIgniter->runController(Object(App\Controllers\User))
#3 /var/www/html/SMAP/system/CodeIgniter.php(333): CodeIgniter\CodeIgniter->handleRequest(NULL, Object(Config\Cache), false)
#4 /var/www/html/SMAP/public/index.php(44): CodeIgniter\CodeIgniter->run()
#5 /var/www/html/SMAP/system/Commands/Server/rewrite.php(45): require_once('/var/www/html/S...')
#6 {main}
CRITICAL - 2021-03-13 00:59:08 --> Undefined variable: msg
#0 /var/www/html/SMAP/app/Controllers/User.php(319): CodeIgniter\Debug\Exceptions->errorHandler(8, 'Undefined varia...', '/var/www/html/S...', 319, Array)
#1 /var/www/html/SMAP/system/CodeIgniter.php(936): App\Controllers\User->edit()
#2 /var/www/html/SMAP/system/CodeIgniter.php(432): CodeIgniter\CodeIgniter->runController(Object(App\Controllers\User))
#3 /var/www/html/SMAP/system/CodeIgniter.php(333): CodeIgniter\CodeIgniter->handleRequest(NULL, Object(Config\Cache), false)
#4 /var/www/html/SMAP/public/index.php(44): CodeIgniter\CodeIgniter->run()
#5 /var/www/html/SMAP/system/Commands/Server/rewrite.php(45): require_once('/var/www/html/S...')
#6 {main}
CRITICAL - 2021-03-13 00:59:08 --> Undefined variable: msg
#0 /var/www/html/SMAP/app/Controllers/User.php(319): CodeIgniter\Debug\Exceptions->errorHandler(8, 'Undefined varia...', '/var/www/html/S...', 319, Array)
#1 /var/www/html/SMAP/system/CodeIgniter.php(936): App\Controllers\User->edit()
#2 /var/www/html/SMAP/system/CodeIgniter.php(432): CodeIgniter\CodeIgniter->runController(Object(App\Controllers\User))
#3 /var/www/html/SMAP/system/CodeIgniter.php(333): CodeIgniter\CodeIgniter->handleRequest(NULL, Object(Config\Cache), false)
#4 /var/www/html/SMAP/public/index.php(44): CodeIgniter\CodeIgniter->run()
#5 /var/www/html/SMAP/system/Commands/Server/rewrite.php(45): require_once('/var/www/html/S...')
#6 {main}
CRITICAL - 2021-03-13 00:59:08 --> Undefined variable: msg
#0 /var/www/html/SMAP/app/Controllers/User.php(319): CodeIgniter\Debug\Exceptions->errorHandler(8, 'Undefined varia...', '/var/www/html/S...', 319, Array)
#1 /var/www/html/SMAP/system/CodeIgniter.php(936): App\Controllers\User->edit()
#2 /var/www/html/SMAP/system/CodeIgniter.php(432): CodeIgniter\CodeIgniter->runController(Object(App\Controllers\User))
#3 /var/www/html/SMAP/system/CodeIgniter.php(333): CodeIgniter\CodeIgniter->handleRequest(NULL, Object(Config\Cache), false)
#4 /var/www/html/SMAP/public/index.php(44): CodeIgniter\CodeIgniter->run()
#5 /var/www/html/SMAP/system/Commands/Server/rewrite.php(45): require_once('/var/www/html/S...')
#6 {main}
CRITICAL - 2021-03-13 01:00:12 --> Undefined variable: msg
#0 /var/www/html/SMAP/app/Controllers/User.php(319): CodeIgniter\Debug\Exceptions->errorHandler(8, 'Undefined varia...', '/var/www/html/S...', 319, Array)
#1 /var/www/html/SMAP/system/CodeIgniter.php(936): App\Controllers\User->edit()
#2 /var/www/html/SMAP/system/CodeIgniter.php(432): CodeIgniter\CodeIgniter->runController(Object(App\Controllers\User))
#3 /var/www/html/SMAP/system/CodeIgniter.php(333): CodeIgniter\CodeIgniter->handleRequest(NULL, Object(Config\Cache), false)
#4 /var/www/html/SMAP/public/index.php(44): CodeIgniter\CodeIgniter->run()
#5 /var/www/html/SMAP/system/Commands/Server/rewrite.php(45): require_once('/var/www/html/S...')
#6 {main}
CRITICAL - 2021-03-13 01:00:14 --> Undefined variable: msg
#0 /var/www/html/SMAP/app/Controllers/User.php(319): CodeIgniter\Debug\Exceptions->errorHandler(8, 'Undefined varia...', '/var/www/html/S...', 319, Array)
#1 /var/www/html/SMAP/system/CodeIgniter.php(936): App\Controllers\User->edit()
#2 /var/www/html/SMAP/system/CodeIgniter.php(432): CodeIgniter\CodeIgniter->runController(Object(App\Controllers\User))
#3 /var/www/html/SMAP/system/CodeIgniter.php(333): CodeIgniter\CodeIgniter->handleRequest(NULL, Object(Config\Cache), false)
#4 /var/www/html/SMAP/public/index.php(44): CodeIgniter\CodeIgniter->run()
#5 /var/www/html/SMAP/system/Commands/Server/rewrite.php(45): require_once('/var/www/html/S...')
#6 {main}
CRITICAL - 2021-03-13 01:00:17 --> Undefined variable: msg
#0 /var/www/html/SMAP/app/Controllers/User.php(319): CodeIgniter\Debug\Exceptions->errorHandler(8, 'Undefined varia...', '/var/www/html/S...', 319, Array)
#1 /var/www/html/SMAP/system/CodeIgniter.php(936): App\Controllers\User->edit()
#2 /var/www/html/SMAP/system/CodeIgniter.php(432): CodeIgniter\CodeIgniter->runController(Object(App\Controllers\User))
#3 /var/www/html/SMAP/system/CodeIgniter.php(333): CodeIgniter\CodeIgniter->handleRequest(NULL, Object(Config\Cache), false)
#4 /var/www/html/SMAP/public/index.php(44): CodeIgniter\CodeIgniter->run()
#5 /var/www/html/SMAP/system/Commands/Server/rewrite.php(45): require_once('/var/www/html/S...')
#6 {main}
CRITICAL - 2021-03-13 01:00:17 --> Undefined variable: msg
#0 /var/www/html/SMAP/app/Controllers/User.php(319): CodeIgniter\Debug\Exceptions->errorHandler(8, 'Undefined varia...', '/var/www/html/S...', 319, Array)
#1 /var/www/html/SMAP/system/CodeIgniter.php(936): App\Controllers\User->edit()
#2 /var/www/html/SMAP/system/CodeIgniter.php(432): CodeIgniter\CodeIgniter->runController(Object(App\Controllers\User))
#3 /var/www/html/SMAP/system/CodeIgniter.php(333): CodeIgniter\CodeIgniter->handleRequest(NULL, Object(Config\Cache), false)
#4 /var/www/html/SMAP/public/index.php(44): CodeIgniter\CodeIgniter->run()
#5 /var/www/html/SMAP/system/Commands/Server/rewrite.php(45): require_once('/var/www/html/S...')
#6 {main}
CRITICAL - 2021-03-13 01:00:18 --> Undefined variable: msg
#0 /var/www/html/SMAP/app/Controllers/User.php(319): CodeIgniter\Debug\Exceptions->errorHandler(8, 'Undefined varia...', '/var/www/html/S...', 319, Array)
#1 /var/www/html/SMAP/system/CodeIgniter.php(936): App\Controllers\User->edit()
#2 /var/www/html/SMAP/system/CodeIgniter.php(432): CodeIgniter\CodeIgniter->runController(Object(App\Controllers\User))
#3 /var/www/html/SMAP/system/CodeIgniter.php(333): CodeIgniter\CodeIgniter->handleRequest(NULL, Object(Config\Cache), false)
#4 /var/www/html/SMAP/public/index.php(44): CodeIgniter\CodeIgniter->run()
#5 /var/www/html/SMAP/system/Commands/Server/rewrite.php(45): require_once('/var/www/html/S...')
#6 {main}
CRITICAL - 2021-03-13 01:01:17 --> Undefined variable: msg
#0 /var/www/html/SMAP/app/Controllers/User.php(319): CodeIgniter\Debug\Exceptions->errorHandler(8, 'Undefined varia...', '/var/www/html/S...', 319, Array)
#1 /var/www/html/SMAP/system/CodeIgniter.php(936): App\Controllers\User->edit()
#2 /var/www/html/SMAP/system/CodeIgniter.php(432): CodeIgniter\CodeIgniter->runController(Object(App\Controllers\User))
#3 /var/www/html/SMAP/system/CodeIgniter.php(333): CodeIgniter\CodeIgniter->handleRequest(NULL, Object(Config\Cache), false)
#4 /var/www/html/SMAP/public/index.php(44): CodeIgniter\CodeIgniter->run()
#5 /var/www/html/SMAP/system/Commands/Server/rewrite.php(45): require_once('/var/www/html/S...')
#6 {main}
CRITICAL - 2021-03-13 01:01:33 --> Undefined variable: msg
#0 /var/www/html/SMAP/app/Controllers/User.php(319): CodeIgniter\Debug\Exceptions->errorHandler(8, 'Undefined varia...', '/var/www/html/S...', 319, Array)
#1 /var/www/html/SMAP/system/CodeIgniter.php(936): App\Controllers\User->edit()
#2 /var/www/html/SMAP/system/CodeIgniter.php(432): CodeIgniter\CodeIgniter->runController(Object(App\Controllers\User))
#3 /var/www/html/SMAP/system/CodeIgniter.php(333): CodeIgniter\CodeIgniter->handleRequest(NULL, Object(Config\Cache), false)
#4 /var/www/html/SMAP/public/index.php(44): CodeIgniter\CodeIgniter->run()
#5 /var/www/html/SMAP/system/Commands/Server/rewrite.php(45): require_once('/var/www/html/S...')
#6 {main}
CRITICAL - 2021-03-13 01:02:13 --> Undefined variable: msg
#0 /var/www/html/SMAP/app/Controllers/User.php(319): CodeIgniter\Debug\Exceptions->errorHandler(8, 'Undefined varia...', '/var/www/html/S...', 319, Array)
#1 /var/www/html/SMAP/system/CodeIgniter.php(936): App\Controllers\User->edit()
#2 /var/www/html/SMAP/system/CodeIgniter.php(432): CodeIgniter\CodeIgniter->runController(Object(App\Controllers\User))
#3 /var/www/html/SMAP/system/CodeIgniter.php(333): CodeIgniter\CodeIgniter->handleRequest(NULL, Object(Config\Cache), false)
#4 /var/www/html/SMAP/public/index.php(44): CodeIgniter\CodeIgniter->run()
#5 /var/www/html/SMAP/system/Commands/Server/rewrite.php(45): require_once('/var/www/html/S...')
#6 {main}
CRITICAL - 2021-03-13 01:16:42 --> Invalid file: admin/user/upload.php
#0 /var/www/html/SMAP/system/View/View.php(203): CodeIgniter\Exceptions\FrameworkException::forInvalidFile('admin/user/uplo...')
#1 /var/www/html/SMAP/system/Common.php(1217): CodeIgniter\View\View->render('admin/user/uplo...', Array, true)
#2 /var/www/html/SMAP/app/Controllers/User.php(155): view('admin/user/uplo...', Array)
#3 /var/www/html/SMAP/system/CodeIgniter.php(936): App\Controllers\User->form_upload()
#4 /var/www/html/SMAP/system/CodeIgniter.php(432): CodeIgniter\CodeIgniter->runController(Object(App\Controllers\User))
#5 /var/www/html/SMAP/system/CodeIgniter.php(333): CodeIgniter\CodeIgniter->handleRequest(NULL, Object(Config\Cache), false)
#6 /var/www/html/SMAP/public/index.php(44): CodeIgniter\CodeIgniter->run()
#7 /var/www/html/SMAP/system/Commands/Server/rewrite.php(45): require_once('/var/www/html/S...')
#8 {main}
