ERROR - 2021-03-10 20:58:21 --> mysqli_sql_exception: Unknown column 'jabatan.id' in 'on clause' in /var/www/html/SMAP/system/Database/MySQLi/Connection.php:314
Stack trace:
#0 /var/www/html/SMAP/system/Database/MySQLi/Connection.php(314): mysqli->query('SELECT *\nFROM `...')
#1 /var/www/html/SMAP/system/Database/BaseConnection.php(713): CodeIgniter\Database\MySQLi\Connection->execute('SELECT *\nFROM `...')
#2 /var/www/html/SMAP/system/Database/BaseConnection.php(641): CodeIgniter\Database\BaseConnection->simpleQuery('SELECT *\nFROM `...')
#3 /var/www/html/SMAP/system/Database/BaseBuilder.php(1866): CodeIgniter\Database\BaseConnection->query('SELECT *\nFROM `...', Array, false)
#4 /var/www/html/SMAP/system/Model.php(836): CodeIgniter\Database\BaseBuilder->get()
#5 /var/www/html/SMAP/app/Controllers/Pegawai.php(22): CodeIgniter\Model->__call('get', Array)
#6 /var/www/html/SMAP/system/CodeIgniter.php(936): App\Controllers\Pegawai->fetch_data()
#7 /var/www/html/SMAP/system/CodeIgniter.php(432): CodeIgniter\CodeIgniter->runController(Object(App\Controllers\Pegawai))
#8 /var/www/html/SMAP/system/CodeIgniter.php(333): CodeIgniter\CodeIgniter->handleRequest(NULL, Object(Config\Cache), false)
#9 /var/www/html/SMAP/public/index.php(44): CodeIgniter\CodeIgniter->run()
#10 /var/www/html/SMAP/system/Commands/Server/rewrite.php(45): require_once('/var/www/html/S...')
#11 {main}
CRITICAL - 2021-03-10 20:58:21 --> Unknown column 'jabatan.id' in 'on clause'
#0 /var/www/html/SMAP/system/Database/MySQLi/Connection.php(314): mysqli->query('SELECT *\nFROM `...')
#1 /var/www/html/SMAP/system/Database/BaseConnection.php(713): CodeIgniter\Database\MySQLi\Connection->execute('SELECT *\nFROM `...')
#2 /var/www/html/SMAP/system/Database/BaseConnection.php(641): CodeIgniter\Database\BaseConnection->simpleQuery('SELECT *\nFROM `...')
#3 /var/www/html/SMAP/system/Database/BaseBuilder.php(1866): CodeIgniter\Database\BaseConnection->query('SELECT *\nFROM `...', Array, false)
#4 /var/www/html/SMAP/system/Model.php(836): CodeIgniter\Database\BaseBuilder->get()
#5 /var/www/html/SMAP/app/Controllers/Pegawai.php(22): CodeIgniter\Model->__call('get', Array)
#6 /var/www/html/SMAP/system/CodeIgniter.php(936): App\Controllers\Pegawai->fetch_data()
#7 /var/www/html/SMAP/system/CodeIgniter.php(432): CodeIgniter\CodeIgniter->runController(Object(App\Controllers\Pegawai))
#8 /var/www/html/SMAP/system/CodeIgniter.php(333): CodeIgniter\CodeIgniter->handleRequest(NULL, Object(Config\Cache), false)
#9 /var/www/html/SMAP/public/index.php(44): CodeIgniter\CodeIgniter->run()
#10 /var/www/html/SMAP/system/Commands/Server/rewrite.php(45): require_once('/var/www/html/S...')
#11 {main}
ERROR - 2021-03-10 20:58:21 --> mysqli_sql_exception: Unknown column 'id' in 'field list' in /var/www/html/SMAP/system/Database/MySQLi/Connection.php:314
Stack trace:
#0 /var/www/html/SMAP/system/Database/MySQLi/Connection.php(314): mysqli->query('SELECT COUNT(`i...')
#1 /var/www/html/SMAP/system/Database/BaseConnection.php(713): CodeIgniter\Database\MySQLi\Connection->execute('SELECT COUNT(`i...')
#2 /var/www/html/SMAP/system/Database/BaseConnection.php(641): CodeIgniter\Database\BaseConnection->simpleQuery('SELECT COUNT(`i...')
#3 /var/www/html/SMAP/system/Database/BaseBuilder.php(1866): CodeIgniter\Database\BaseConnection->query('SELECT COUNT(`i...', Array, false)
#4 /var/www/html/SMAP/system/Model.php(836): CodeIgniter\Database\BaseBuilder->get()
#5 /var/www/html/SMAP/app/Controllers/Pegawai.php(39): CodeIgniter\Model->__call('get', Array)
#6 /var/www/html/SMAP/system/CodeIgniter.php(936): App\Controllers\Pegawai->getJumlah()
#7 /var/www/html/SMAP/system/CodeIgniter.php(432): CodeIgniter\CodeIgniter->runController(Object(App\Controllers\Pegawai))
#8 /var/www/html/SMAP/system/CodeIgniter.php(333): CodeIgniter\CodeIgniter->handleRequest(NULL, Object(Config\Cache), false)
#9 /var/www/html/SMAP/public/index.php(44): CodeIgniter\CodeIgniter->run()
#10 /var/www/html/SMAP/system/Commands/Server/rewrite.php(45): require_once('/var/www/html/S...')
#11 {main}
CRITICAL - 2021-03-10 20:58:21 --> Unknown column 'id' in 'field list'
#0 /var/www/html/SMAP/system/Database/MySQLi/Connection.php(314): mysqli->query('SELECT COUNT(`i...')
#1 /var/www/html/SMAP/system/Database/BaseConnection.php(713): CodeIgniter\Database\MySQLi\Connection->execute('SELECT COUNT(`i...')
#2 /var/www/html/SMAP/system/Database/BaseConnection.php(641): CodeIgniter\Database\BaseConnection->simpleQuery('SELECT COUNT(`i...')
#3 /var/www/html/SMAP/system/Database/BaseBuilder.php(1866): CodeIgniter\Database\BaseConnection->query('SELECT COUNT(`i...', Array, false)
#4 /var/www/html/SMAP/system/Model.php(836): CodeIgniter\Database\BaseBuilder->get()
#5 /var/www/html/SMAP/app/Controllers/Pegawai.php(39): CodeIgniter\Model->__call('get', Array)
#6 /var/www/html/SMAP/system/CodeIgniter.php(936): App\Controllers\Pegawai->getJumlah()
#7 /var/www/html/SMAP/system/CodeIgniter.php(432): CodeIgniter\CodeIgniter->runController(Object(App\Controllers\Pegawai))
#8 /var/www/html/SMAP/system/CodeIgniter.php(333): CodeIgniter\CodeIgniter->handleRequest(NULL, Object(Config\Cache), false)
#9 /var/www/html/SMAP/public/index.php(44): CodeIgniter\CodeIgniter->run()
#10 /var/www/html/SMAP/system/Commands/Server/rewrite.php(45): require_once('/var/www/html/S...')
#11 {main}
ERROR - 2021-03-10 20:58:54 --> mysqli_sql_exception: Unknown column 'jabatan.id' in 'on clause' in /var/www/html/SMAP/system/Database/MySQLi/Connection.php:314
Stack trace:
#0 /var/www/html/SMAP/system/Database/MySQLi/Connection.php(314): mysqli->query('SELECT *\nFROM `...')
#1 /var/www/html/SMAP/system/Database/BaseConnection.php(713): CodeIgniter\Database\MySQLi\Connection->execute('SELECT *\nFROM `...')
#2 /var/www/html/SMAP/system/Database/BaseConnection.php(641): CodeIgniter\Database\BaseConnection->simpleQuery('SELECT *\nFROM `...')
#3 /var/www/html/SMAP/system/Database/BaseBuilder.php(1866): CodeIgniter\Database\BaseConnection->query('SELECT *\nFROM `...', Array, false)
#4 /var/www/html/SMAP/system/Model.php(836): CodeIgniter\Database\BaseBuilder->get()
#5 /var/www/html/SMAP/app/Controllers/Pegawai.php(22): CodeIgniter\Model->__call('get', Array)
#6 /var/www/html/SMAP/system/CodeIgniter.php(936): App\Controllers\Pegawai->fetch_data()
#7 /var/www/html/SMAP/system/CodeIgniter.php(432): CodeIgniter\CodeIgniter->runController(Object(App\Controllers\Pegawai))
#8 /var/www/html/SMAP/system/CodeIgniter.php(333): CodeIgniter\CodeIgniter->handleRequest(NULL, Object(Config\Cache), false)
#9 /var/www/html/SMAP/public/index.php(44): CodeIgniter\CodeIgniter->run()
#10 /var/www/html/SMAP/system/Commands/Server/rewrite.php(45): require_once('/var/www/html/S...')
#11 {main}
CRITICAL - 2021-03-10 20:58:54 --> Unknown column 'jabatan.id' in 'on clause'
#0 /var/www/html/SMAP/system/Database/MySQLi/Connection.php(314): mysqli->query('SELECT *\nFROM `...')
#1 /var/www/html/SMAP/system/Database/BaseConnection.php(713): CodeIgniter\Database\MySQLi\Connection->execute('SELECT *\nFROM `...')
#2 /var/www/html/SMAP/system/Database/BaseConnection.php(641): CodeIgniter\Database\BaseConnection->simpleQuery('SELECT *\nFROM `...')
#3 /var/www/html/SMAP/system/Database/BaseBuilder.php(1866): CodeIgniter\Database\BaseConnection->query('SELECT *\nFROM `...', Array, false)
#4 /var/www/html/SMAP/system/Model.php(836): CodeIgniter\Database\BaseBuilder->get()
#5 /var/www/html/SMAP/app/Controllers/Pegawai.php(22): CodeIgniter\Model->__call('get', Array)
#6 /var/www/html/SMAP/system/CodeIgniter.php(936): App\Controllers\Pegawai->fetch_data()
#7 /var/www/html/SMAP/system/CodeIgniter.php(432): CodeIgniter\CodeIgniter->runController(Object(App\Controllers\Pegawai))
#8 /var/www/html/SMAP/system/CodeIgniter.php(333): CodeIgniter\CodeIgniter->handleRequest(NULL, Object(Config\Cache), false)
#9 /var/www/html/SMAP/public/index.php(44): CodeIgniter\CodeIgniter->run()
#10 /var/www/html/SMAP/system/Commands/Server/rewrite.php(45): require_once('/var/www/html/S...')
#11 {main}
ERROR - 2021-03-10 20:58:54 --> mysqli_sql_exception: Unknown column 'id' in 'field list' in /var/www/html/SMAP/system/Database/MySQLi/Connection.php:314
Stack trace:
#0 /var/www/html/SMAP/system/Database/MySQLi/Connection.php(314): mysqli->query('SELECT COUNT(`i...')
#1 /var/www/html/SMAP/system/Database/BaseConnection.php(713): CodeIgniter\Database\MySQLi\Connection->execute('SELECT COUNT(`i...')
#2 /var/www/html/SMAP/system/Database/BaseConnection.php(641): CodeIgniter\Database\BaseConnection->simpleQuery('SELECT COUNT(`i...')
#3 /var/www/html/SMAP/system/Database/BaseBuilder.php(1866): CodeIgniter\Database\BaseConnection->query('SELECT COUNT(`i...', Array, false)
#4 /var/www/html/SMAP/system/Model.php(836): CodeIgniter\Database\BaseBuilder->get()
#5 /var/www/html/SMAP/app/Controllers/Pegawai.php(39): CodeIgniter\Model->__call('get', Array)
#6 /var/www/html/SMAP/system/CodeIgniter.php(936): App\Controllers\Pegawai->getJumlah()
#7 /var/www/html/SMAP/system/CodeIgniter.php(432): CodeIgniter\CodeIgniter->runController(Object(App\Controllers\Pegawai))
#8 /var/www/html/SMAP/system/CodeIgniter.php(333): CodeIgniter\CodeIgniter->handleRequest(NULL, Object(Config\Cache), false)
#9 /var/www/html/SMAP/public/index.php(44): CodeIgniter\CodeIgniter->run()
#10 /var/www/html/SMAP/system/Commands/Server/rewrite.php(45): require_once('/var/www/html/S...')
#11 {main}
CRITICAL - 2021-03-10 20:58:54 --> Unknown column 'id' in 'field list'
#0 /var/www/html/SMAP/system/Database/MySQLi/Connection.php(314): mysqli->query('SELECT COUNT(`i...')
#1 /var/www/html/SMAP/system/Database/BaseConnection.php(713): CodeIgniter\Database\MySQLi\Connection->execute('SELECT COUNT(`i...')
#2 /var/www/html/SMAP/system/Database/BaseConnection.php(641): CodeIgniter\Database\BaseConnection->simpleQuery('SELECT COUNT(`i...')
#3 /var/www/html/SMAP/system/Database/BaseBuilder.php(1866): CodeIgniter\Database\BaseConnection->query('SELECT COUNT(`i...', Array, false)
#4 /var/www/html/SMAP/system/Model.php(836): CodeIgniter\Database\BaseBuilder->get()
#5 /var/www/html/SMAP/app/Controllers/Pegawai.php(39): CodeIgniter\Model->__call('get', Array)
#6 /var/www/html/SMAP/system/CodeIgniter.php(936): App\Controllers\Pegawai->getJumlah()
#7 /var/www/html/SMAP/system/CodeIgniter.php(432): CodeIgniter\CodeIgniter->runController(Object(App\Controllers\Pegawai))
#8 /var/www/html/SMAP/system/CodeIgniter.php(333): CodeIgniter\CodeIgniter->handleRequest(NULL, Object(Config\Cache), false)
#9 /var/www/html/SMAP/public/index.php(44): CodeIgniter\CodeIgniter->run()
#10 /var/www/html/SMAP/system/Commands/Server/rewrite.php(45): require_once('/var/www/html/S...')
#11 {main}
CRITICAL - 2021-03-10 20:59:18 --> Undefined index: id
#0 /var/www/html/SMAP/app/Views/admin/jabatan/read.php(18): CodeIgniter\Debug\Exceptions->errorHandler(8, 'Undefined index...', '/var/www/html/S...', 18, Array)
#1 /var/www/html/SMAP/system/View/View.php(220): include('/var/www/html/S...')
#2 /var/www/html/SMAP/system/View/View.php(222): CodeIgniter\View\View->CodeIgniter\View\{closure}()
#3 /var/www/html/SMAP/system/Common.php(1217): CodeIgniter\View\View->render('admin/jabatan/r...', Array, true)
#4 /var/www/html/SMAP/app/Controllers/Jabatan.php(25): view('admin/jabatan/r...', Array)
#5 /var/www/html/SMAP/system/CodeIgniter.php(936): App\Controllers\Jabatan->fetch_data()
#6 /var/www/html/SMAP/system/CodeIgniter.php(432): CodeIgniter\CodeIgniter->runController(Object(App\Controllers\Jabatan))
#7 /var/www/html/SMAP/system/CodeIgniter.php(333): CodeIgniter\CodeIgniter->handleRequest(NULL, Object(Config\Cache), false)
#8 /var/www/html/SMAP/public/index.php(44): CodeIgniter\CodeIgniter->run()
#9 /var/www/html/SMAP/system/Commands/Server/rewrite.php(45): require_once('/var/www/html/S...')
#10 {main}
ERROR - 2021-03-10 20:59:18 --> mysqli_sql_exception: Unknown column 'id' in 'field list' in /var/www/html/SMAP/system/Database/MySQLi/Connection.php:314
Stack trace:
#0 /var/www/html/SMAP/system/Database/MySQLi/Connection.php(314): mysqli->query('SELECT COUNT(`i...')
#1 /var/www/html/SMAP/system/Database/BaseConnection.php(713): CodeIgniter\Database\MySQLi\Connection->execute('SELECT COUNT(`i...')
#2 /var/www/html/SMAP/system/Database/BaseConnection.php(641): CodeIgniter\Database\BaseConnection->simpleQuery('SELECT COUNT(`i...')
#3 /var/www/html/SMAP/system/Database/BaseBuilder.php(1866): CodeIgniter\Database\BaseConnection->query('SELECT COUNT(`i...', Array, false)
#4 /var/www/html/SMAP/system/Model.php(836): CodeIgniter\Database\BaseBuilder->get()
#5 /var/www/html/SMAP/app/Controllers/Jabatan.php(39): CodeIgniter\Model->__call('get', Array)
#6 /var/www/html/SMAP/system/CodeIgniter.php(936): App\Controllers\Jabatan->getJumlah()
#7 /var/www/html/SMAP/system/CodeIgniter.php(432): CodeIgniter\CodeIgniter->runController(Object(App\Controllers\Jabatan))
#8 /var/www/html/SMAP/system/CodeIgniter.php(333): CodeIgniter\CodeIgniter->handleRequest(NULL, Object(Config\Cache), false)
#9 /var/www/html/SMAP/public/index.php(44): CodeIgniter\CodeIgniter->run()
#10 /var/www/html/SMAP/system/Commands/Server/rewrite.php(45): require_once('/var/www/html/S...')
#11 {main}
CRITICAL - 2021-03-10 20:59:18 --> Unknown column 'id' in 'field list'
#0 /var/www/html/SMAP/system/Database/MySQLi/Connection.php(314): mysqli->query('SELECT COUNT(`i...')
#1 /var/www/html/SMAP/system/Database/BaseConnection.php(713): CodeIgniter\Database\MySQLi\Connection->execute('SELECT COUNT(`i...')
#2 /var/www/html/SMAP/system/Database/BaseConnection.php(641): CodeIgniter\Database\BaseConnection->simpleQuery('SELECT COUNT(`i...')
#3 /var/www/html/SMAP/system/Database/BaseBuilder.php(1866): CodeIgniter\Database\BaseConnection->query('SELECT COUNT(`i...', Array, false)
#4 /var/www/html/SMAP/system/Model.php(836): CodeIgniter\Database\BaseBuilder->get()
#5 /var/www/html/SMAP/app/Controllers/Jabatan.php(39): CodeIgniter\Model->__call('get', Array)
#6 /var/www/html/SMAP/system/CodeIgniter.php(936): App\Controllers\Jabatan->getJumlah()
#7 /var/www/html/SMAP/system/CodeIgniter.php(432): CodeIgniter\CodeIgniter->runController(Object(App\Controllers\Jabatan))
#8 /var/www/html/SMAP/system/CodeIgniter.php(333): CodeIgniter\CodeIgniter->handleRequest(NULL, Object(Config\Cache), false)
#9 /var/www/html/SMAP/public/index.php(44): CodeIgniter\CodeIgniter->run()
#10 /var/www/html/SMAP/system/Commands/Server/rewrite.php(45): require_once('/var/www/html/S...')
#11 {main}
CRITICAL - 2021-03-10 20:59:56 --> Undefined index: id
#0 /var/www/html/SMAP/app/Views/admin/jabatan/read.php(18): CodeIgniter\Debug\Exceptions->errorHandler(8, 'Undefined index...', '/var/www/html/S...', 18, Array)
#1 /var/www/html/SMAP/system/View/View.php(220): include('/var/www/html/S...')
#2 /var/www/html/SMAP/system/View/View.php(222): CodeIgniter\View\View->CodeIgniter\View\{closure}()
#3 /var/www/html/SMAP/system/Common.php(1217): CodeIgniter\View\View->render('admin/jabatan/r...', Array, true)
#4 /var/www/html/SMAP/app/Controllers/Jabatan.php(25): view('admin/jabatan/r...', Array)
#5 /var/www/html/SMAP/system/CodeIgniter.php(936): App\Controllers\Jabatan->fetch_data()
#6 /var/www/html/SMAP/system/CodeIgniter.php(432): CodeIgniter\CodeIgniter->runController(Object(App\Controllers\Jabatan))
#7 /var/www/html/SMAP/system/CodeIgniter.php(333): CodeIgniter\CodeIgniter->handleRequest(NULL, Object(Config\Cache), false)
#8 /var/www/html/SMAP/public/index.php(44): CodeIgniter\CodeIgniter->run()
#9 /var/www/html/SMAP/system/Commands/Server/rewrite.php(45): require_once('/var/www/html/S...')
#10 {main}
CRITICAL - 2021-03-10 21:01:04 --> Deletes are not allowed unless they contain a "where" or "like" clause.
#0 /var/www/html/SMAP/system/Model.php(422): CodeIgniter\Database\BaseBuilder->delete()
#1 /var/www/html/SMAP/system/BaseModel.php(1009): CodeIgniter\Model->doDelete(NULL, false)
#2 /var/www/html/SMAP/app/Controllers/Jabatan.php(168): CodeIgniter\BaseModel->delete(NULL)
#3 /var/www/html/SMAP/system/CodeIgniter.php(936): App\Controllers\Jabatan->hapus()
#4 /var/www/html/SMAP/system/CodeIgniter.php(432): CodeIgniter\CodeIgniter->runController(Object(App\Controllers\Jabatan))
#5 /var/www/html/SMAP/system/CodeIgniter.php(333): CodeIgniter\CodeIgniter->handleRequest(NULL, Object(Config\Cache), false)
#6 /var/www/html/SMAP/public/index.php(44): CodeIgniter\CodeIgniter->run()
#7 /var/www/html/SMAP/system/Commands/Server/rewrite.php(45): require_once('/var/www/html/S...')
#8 {main}
CRITICAL - 2021-03-10 21:01:18 --> Deletes are not allowed unless they contain a "where" or "like" clause.
#0 /var/www/html/SMAP/system/Model.php(422): CodeIgniter\Database\BaseBuilder->delete()
#1 /var/www/html/SMAP/system/BaseModel.php(1009): CodeIgniter\Model->doDelete(NULL, false)
#2 /var/www/html/SMAP/app/Controllers/Jabatan.php(168): CodeIgniter\BaseModel->delete(NULL)
#3 /var/www/html/SMAP/system/CodeIgniter.php(936): App\Controllers\Jabatan->hapus()
#4 /var/www/html/SMAP/system/CodeIgniter.php(432): CodeIgniter\CodeIgniter->runController(Object(App\Controllers\Jabatan))
#5 /var/www/html/SMAP/system/CodeIgniter.php(333): CodeIgniter\CodeIgniter->handleRequest(NULL, Object(Config\Cache), false)
#6 /var/www/html/SMAP/public/index.php(44): CodeIgniter\CodeIgniter->run()
#7 /var/www/html/SMAP/system/Commands/Server/rewrite.php(45): require_once('/var/www/html/S...')
#8 {main}
CRITICAL - 2021-03-10 21:03:01 --> Undefined index: id_jabatan
#0 /var/www/html/SMAP/app/Controllers/Jabatan.php(121): CodeIgniter\Debug\Exceptions->errorHandler(8, 'Undefined index...', '/var/www/html/S...', 121, Array)
#1 /var/www/html/SMAP/system/CodeIgniter.php(936): App\Controllers\Jabatan->form_edit()
#2 /var/www/html/SMAP/system/CodeIgniter.php(432): CodeIgniter\CodeIgniter->runController(Object(App\Controllers\Jabatan))
#3 /var/www/html/SMAP/system/CodeIgniter.php(333): CodeIgniter\CodeIgniter->handleRequest(NULL, Object(Config\Cache), false)
#4 /var/www/html/SMAP/public/index.php(44): CodeIgniter\CodeIgniter->run()
#5 /var/www/html/SMAP/system/Commands/Server/rewrite.php(45): require_once('/var/www/html/S...')
#6 {main}
CRITICAL - 2021-03-10 21:03:06 --> Undefined variable: id
#0 /var/www/html/SMAP/app/Views/admin/jabatan/update.php(13): CodeIgniter\Debug\Exceptions->errorHandler(8, 'Undefined varia...', '/var/www/html/S...', 13, Array)
#1 /var/www/html/SMAP/system/View/View.php(220): include('/var/www/html/S...')
#2 /var/www/html/SMAP/system/View/View.php(222): CodeIgniter\View\View->CodeIgniter\View\{closure}()
#3 /var/www/html/SMAP/system/Common.php(1217): CodeIgniter\View\View->render('admin/jabatan/u...', Array, true)
#4 /var/www/html/SMAP/app/Controllers/Jabatan.php(128): view('admin/jabatan/u...', Array)
#5 /var/www/html/SMAP/system/CodeIgniter.php(936): App\Controllers\Jabatan->form_edit()
#6 /var/www/html/SMAP/system/CodeIgniter.php(432): CodeIgniter\CodeIgniter->runController(Object(App\Controllers\Jabatan))
#7 /var/www/html/SMAP/system/CodeIgniter.php(333): CodeIgniter\CodeIgniter->handleRequest(NULL, Object(Config\Cache), false)
#8 /var/www/html/SMAP/public/index.php(44): CodeIgniter\CodeIgniter->run()
#9 /var/www/html/SMAP/system/Commands/Server/rewrite.php(45): require_once('/var/www/html/S...')
#10 {main}
CRITICAL - 2021-03-10 21:03:47 --> Undefined variable: id
#0 /var/www/html/SMAP/app/Views/admin/jabatan/update.php(13): CodeIgniter\Debug\Exceptions->errorHandler(8, 'Undefined varia...', '/var/www/html/S...', 13, Array)
#1 /var/www/html/SMAP/system/View/View.php(220): include('/var/www/html/S...')
#2 /var/www/html/SMAP/system/View/View.php(222): CodeIgniter\View\View->CodeIgniter\View\{closure}()
#3 /var/www/html/SMAP/system/Common.php(1217): CodeIgniter\View\View->render('admin/jabatan/u...', Array, true)
#4 /var/www/html/SMAP/app/Controllers/Jabatan.php(128): view('admin/jabatan/u...', Array)
#5 /var/www/html/SMAP/system/CodeIgniter.php(936): App\Controllers\Jabatan->form_edit()
#6 /var/www/html/SMAP/system/CodeIgniter.php(432): CodeIgniter\CodeIgniter->runController(Object(App\Controllers\Jabatan))
#7 /var/www/html/SMAP/system/CodeIgniter.php(333): CodeIgniter\CodeIgniter->handleRequest(NULL, Object(Config\Cache), false)
#8 /var/www/html/SMAP/public/index.php(44): CodeIgniter\CodeIgniter->run()
#9 /var/www/html/SMAP/system/Commands/Server/rewrite.php(45): require_once('/var/www/html/S...')
#10 {main}
CRITICAL - 2021-03-10 21:03:53 --> Undefined variable: id
#0 /var/www/html/SMAP/app/Views/admin/jabatan/update.php(13): CodeIgniter\Debug\Exceptions->errorHandler(8, 'Undefined varia...', '/var/www/html/S...', 13, Array)
#1 /var/www/html/SMAP/system/View/View.php(220): include('/var/www/html/S...')
#2 /var/www/html/SMAP/system/View/View.php(222): CodeIgniter\View\View->CodeIgniter\View\{closure}()
#3 /var/www/html/SMAP/system/Common.php(1217): CodeIgniter\View\View->render('admin/jabatan/u...', Array, true)
#4 /var/www/html/SMAP/app/Controllers/Jabatan.php(128): view('admin/jabatan/u...', Array)
#5 /var/www/html/SMAP/system/CodeIgniter.php(936): App\Controllers\Jabatan->form_edit()
#6 /var/www/html/SMAP/system/CodeIgniter.php(432): CodeIgniter\CodeIgniter->runController(Object(App\Controllers\Jabatan))
#7 /var/www/html/SMAP/system/CodeIgniter.php(333): CodeIgniter\CodeIgniter->handleRequest(NULL, Object(Config\Cache), false)
#8 /var/www/html/SMAP/public/index.php(44): CodeIgniter\CodeIgniter->run()
#9 /var/www/html/SMAP/system/Commands/Server/rewrite.php(45): require_once('/var/www/html/S...')
#10 {main}
CRITICAL - 2021-03-10 21:03:55 --> Undefined variable: id
#0 /var/www/html/SMAP/app/Views/admin/jabatan/update.php(13): CodeIgniter\Debug\Exceptions->errorHandler(8, 'Undefined varia...', '/var/www/html/S...', 13, Array)
#1 /var/www/html/SMAP/system/View/View.php(220): include('/var/www/html/S...')
#2 /var/www/html/SMAP/system/View/View.php(222): CodeIgniter\View\View->CodeIgniter\View\{closure}()
#3 /var/www/html/SMAP/system/Common.php(1217): CodeIgniter\View\View->render('admin/jabatan/u...', Array, true)
#4 /var/www/html/SMAP/app/Controllers/Jabatan.php(128): view('admin/jabatan/u...', Array)
#5 /var/www/html/SMAP/system/CodeIgniter.php(936): App\Controllers\Jabatan->form_edit()
#6 /var/www/html/SMAP/system/CodeIgniter.php(432): CodeIgniter\CodeIgniter->runController(Object(App\Controllers\Jabatan))
#7 /var/www/html/SMAP/system/CodeIgniter.php(333): CodeIgniter\CodeIgniter->handleRequest(NULL, Object(Config\Cache), false)
#8 /var/www/html/SMAP/public/index.php(44): CodeIgniter\CodeIgniter->run()
#9 /var/www/html/SMAP/system/Commands/Server/rewrite.php(45): require_once('/var/www/html/S...')
#10 {main}
CRITICAL - 2021-03-10 21:06:29 --> Deletes are not allowed unless they contain a "where" or "like" clause.
#0 /var/www/html/SMAP/system/Model.php(422): CodeIgniter\Database\BaseBuilder->delete()
#1 /var/www/html/SMAP/system/BaseModel.php(1009): CodeIgniter\Model->doDelete(NULL, false)
#2 /var/www/html/SMAP/app/Controllers/Jabatan.php(168): CodeIgniter\BaseModel->delete(NULL)
#3 /var/www/html/SMAP/system/CodeIgniter.php(936): App\Controllers\Jabatan->hapus()
#4 /var/www/html/SMAP/system/CodeIgniter.php(432): CodeIgniter\CodeIgniter->runController(Object(App\Controllers\Jabatan))
#5 /var/www/html/SMAP/system/CodeIgniter.php(333): CodeIgniter\CodeIgniter->handleRequest(NULL, Object(Config\Cache), false)
#6 /var/www/html/SMAP/public/index.php(44): CodeIgniter\CodeIgniter->run()
#7 /var/www/html/SMAP/system/Commands/Server/rewrite.php(45): require_once('/var/www/html/S...')
#8 {main}
CRITICAL - 2021-03-10 21:08:01 --> Deletes are not allowed unless they contain a "where" or "like" clause.
#0 /var/www/html/SMAP/system/Model.php(422): CodeIgniter\Database\BaseBuilder->delete()
#1 /var/www/html/SMAP/system/BaseModel.php(1009): CodeIgniter\Model->doDelete(NULL, false)
#2 /var/www/html/SMAP/app/Controllers/Jabatan.php(168): CodeIgniter\BaseModel->delete(NULL)
#3 /var/www/html/SMAP/system/CodeIgniter.php(936): App\Controllers\Jabatan->hapus()
#4 /var/www/html/SMAP/system/CodeIgniter.php(432): CodeIgniter\CodeIgniter->runController(Object(App\Controllers\Jabatan))
#5 /var/www/html/SMAP/system/CodeIgniter.php(333): CodeIgniter\CodeIgniter->handleRequest(NULL, Object(Config\Cache), false)
#6 /var/www/html/SMAP/public/index.php(44): CodeIgniter\CodeIgniter->run()
#7 /var/www/html/SMAP/system/Commands/Server/rewrite.php(45): require_once('/var/www/html/S...')
#8 {main}
ERROR - 2021-03-10 21:24:25 --> mysqli_sql_exception: Unknown column 'jabatan.id' in 'on clause' in /var/www/html/SMAP/system/Database/MySQLi/Connection.php:314
Stack trace:
#0 /var/www/html/SMAP/system/Database/MySQLi/Connection.php(314): mysqli->query('SELECT *\nFROM `...')
#1 /var/www/html/SMAP/system/Database/BaseConnection.php(713): CodeIgniter\Database\MySQLi\Connection->execute('SELECT *\nFROM `...')
#2 /var/www/html/SMAP/system/Database/BaseConnection.php(641): CodeIgniter\Database\BaseConnection->simpleQuery('SELECT *\nFROM `...')
#3 /var/www/html/SMAP/system/Database/BaseBuilder.php(1866): CodeIgniter\Database\BaseConnection->query('SELECT *\nFROM `...', Array, false)
#4 /var/www/html/SMAP/system/Model.php(836): CodeIgniter\Database\BaseBuilder->get()
#5 /var/www/html/SMAP/app/Controllers/Pegawai.php(22): CodeIgniter\Model->__call('get', Array)
#6 /var/www/html/SMAP/system/CodeIgniter.php(936): App\Controllers\Pegawai->fetch_data()
#7 /var/www/html/SMAP/system/CodeIgniter.php(432): CodeIgniter\CodeIgniter->runController(Object(App\Controllers\Pegawai))
#8 /var/www/html/SMAP/system/CodeIgniter.php(333): CodeIgniter\CodeIgniter->handleRequest(NULL, Object(Config\Cache), false)
#9 /var/www/html/SMAP/public/index.php(44): CodeIgniter\CodeIgniter->run()
#10 /var/www/html/SMAP/system/Commands/Server/rewrite.php(45): require_once('/var/www/html/S...')
#11 {main}
CRITICAL - 2021-03-10 21:24:25 --> Unknown column 'jabatan.id' in 'on clause'
#0 /var/www/html/SMAP/system/Database/MySQLi/Connection.php(314): mysqli->query('SELECT *\nFROM `...')
#1 /var/www/html/SMAP/system/Database/BaseConnection.php(713): CodeIgniter\Database\MySQLi\Connection->execute('SELECT *\nFROM `...')
#2 /var/www/html/SMAP/system/Database/BaseConnection.php(641): CodeIgniter\Database\BaseConnection->simpleQuery('SELECT *\nFROM `...')
#3 /var/www/html/SMAP/system/Database/BaseBuilder.php(1866): CodeIgniter\Database\BaseConnection->query('SELECT *\nFROM `...', Array, false)
#4 /var/www/html/SMAP/system/Model.php(836): CodeIgniter\Database\BaseBuilder->get()
#5 /var/www/html/SMAP/app/Controllers/Pegawai.php(22): CodeIgniter\Model->__call('get', Array)
#6 /var/www/html/SMAP/system/CodeIgniter.php(936): App\Controllers\Pegawai->fetch_data()
#7 /var/www/html/SMAP/system/CodeIgniter.php(432): CodeIgniter\CodeIgniter->runController(Object(App\Controllers\Pegawai))
#8 /var/www/html/SMAP/system/CodeIgniter.php(333): CodeIgniter\CodeIgniter->handleRequest(NULL, Object(Config\Cache), false)
#9 /var/www/html/SMAP/public/index.php(44): CodeIgniter\CodeIgniter->run()
#10 /var/www/html/SMAP/system/Commands/Server/rewrite.php(45): require_once('/var/www/html/S...')
#11 {main}
ERROR - 2021-03-10 21:24:25 --> mysqli_sql_exception: Unknown column 'id' in 'field list' in /var/www/html/SMAP/system/Database/MySQLi/Connection.php:314
Stack trace:
#0 /var/www/html/SMAP/system/Database/MySQLi/Connection.php(314): mysqli->query('SELECT COUNT(`i...')
#1 /var/www/html/SMAP/system/Database/BaseConnection.php(713): CodeIgniter\Database\MySQLi\Connection->execute('SELECT COUNT(`i...')
#2 /var/www/html/SMAP/system/Database/BaseConnection.php(641): CodeIgniter\Database\BaseConnection->simpleQuery('SELECT COUNT(`i...')
#3 /var/www/html/SMAP/system/Database/BaseBuilder.php(1866): CodeIgniter\Database\BaseConnection->query('SELECT COUNT(`i...', Array, false)
#4 /var/www/html/SMAP/system/Model.php(836): CodeIgniter\Database\BaseBuilder->get()
#5 /var/www/html/SMAP/app/Controllers/Pegawai.php(39): CodeIgniter\Model->__call('get', Array)
#6 /var/www/html/SMAP/system/CodeIgniter.php(936): App\Controllers\Pegawai->getJumlah()
#7 /var/www/html/SMAP/system/CodeIgniter.php(432): CodeIgniter\CodeIgniter->runController(Object(App\Controllers\Pegawai))
#8 /var/www/html/SMAP/system/CodeIgniter.php(333): CodeIgniter\CodeIgniter->handleRequest(NULL, Object(Config\Cache), false)
#9 /var/www/html/SMAP/public/index.php(44): CodeIgniter\CodeIgniter->run()
#10 /var/www/html/SMAP/system/Commands/Server/rewrite.php(45): require_once('/var/www/html/S...')
#11 {main}
CRITICAL - 2021-03-10 21:24:25 --> Unknown column 'id' in 'field list'
#0 /var/www/html/SMAP/system/Database/MySQLi/Connection.php(314): mysqli->query('SELECT COUNT(`i...')
#1 /var/www/html/SMAP/system/Database/BaseConnection.php(713): CodeIgniter\Database\MySQLi\Connection->execute('SELECT COUNT(`i...')
#2 /var/www/html/SMAP/system/Database/BaseConnection.php(641): CodeIgniter\Database\BaseConnection->simpleQuery('SELECT COUNT(`i...')
#3 /var/www/html/SMAP/system/Database/BaseBuilder.php(1866): CodeIgniter\Database\BaseConnection->query('SELECT COUNT(`i...', Array, false)
#4 /var/www/html/SMAP/system/Model.php(836): CodeIgniter\Database\BaseBuilder->get()
#5 /var/www/html/SMAP/app/Controllers/Pegawai.php(39): CodeIgniter\Model->__call('get', Array)
#6 /var/www/html/SMAP/system/CodeIgniter.php(936): App\Controllers\Pegawai->getJumlah()
#7 /var/www/html/SMAP/system/CodeIgniter.php(432): CodeIgniter\CodeIgniter->runController(Object(App\Controllers\Pegawai))
#8 /var/www/html/SMAP/system/CodeIgniter.php(333): CodeIgniter\CodeIgniter->handleRequest(NULL, Object(Config\Cache), false)
#9 /var/www/html/SMAP/public/index.php(44): CodeIgniter\CodeIgniter->run()
#10 /var/www/html/SMAP/system/Commands/Server/rewrite.php(45): require_once('/var/www/html/S...')
#11 {main}
CRITICAL - 2021-03-10 21:25:53 --> Undefined index: id
#0 /var/www/html/SMAP/app/Views/admin/pegawai/read.php(24): CodeIgniter\Debug\Exceptions->errorHandler(8, 'Undefined index...', '/var/www/html/S...', 24, Array)
#1 /var/www/html/SMAP/system/View/View.php(220): include('/var/www/html/S...')
#2 /var/www/html/SMAP/system/View/View.php(222): CodeIgniter\View\View->CodeIgniter\View\{closure}()
#3 /var/www/html/SMAP/system/Common.php(1217): CodeIgniter\View\View->render('admin/pegawai/r...', Array, true)
#4 /var/www/html/SMAP/app/Controllers/Pegawai.php(25): view('admin/pegawai/r...', Array)
#5 /var/www/html/SMAP/system/CodeIgniter.php(936): App\Controllers\Pegawai->fetch_data()
#6 /var/www/html/SMAP/system/CodeIgniter.php(432): CodeIgniter\CodeIgniter->runController(Object(App\Controllers\Pegawai))
#7 /var/www/html/SMAP/system/CodeIgniter.php(333): CodeIgniter\CodeIgniter->handleRequest(NULL, Object(Config\Cache), false)
#8 /var/www/html/SMAP/public/index.php(44): CodeIgniter\CodeIgniter->run()
#9 /var/www/html/SMAP/system/Commands/Server/rewrite.php(45): require_once('/var/www/html/S...')
#10 {main}
ERROR - 2021-03-10 21:25:53 --> mysqli_sql_exception: Unknown column 'id' in 'field list' in /var/www/html/SMAP/system/Database/MySQLi/Connection.php:314
Stack trace:
#0 /var/www/html/SMAP/system/Database/MySQLi/Connection.php(314): mysqli->query('SELECT COUNT(`i...')
#1 /var/www/html/SMAP/system/Database/BaseConnection.php(713): CodeIgniter\Database\MySQLi\Connection->execute('SELECT COUNT(`i...')
#2 /var/www/html/SMAP/system/Database/BaseConnection.php(641): CodeIgniter\Database\BaseConnection->simpleQuery('SELECT COUNT(`i...')
#3 /var/www/html/SMAP/system/Database/BaseBuilder.php(1866): CodeIgniter\Database\BaseConnection->query('SELECT COUNT(`i...', Array, false)
#4 /var/www/html/SMAP/system/Model.php(836): CodeIgniter\Database\BaseBuilder->get()
#5 /var/www/html/SMAP/app/Controllers/Pegawai.php(39): CodeIgniter\Model->__call('get', Array)
#6 /var/www/html/SMAP/system/CodeIgniter.php(936): App\Controllers\Pegawai->getJumlah()
#7 /var/www/html/SMAP/system/CodeIgniter.php(432): CodeIgniter\CodeIgniter->runController(Object(App\Controllers\Pegawai))
#8 /var/www/html/SMAP/system/CodeIgniter.php(333): CodeIgniter\CodeIgniter->handleRequest(NULL, Object(Config\Cache), false)
#9 /var/www/html/SMAP/public/index.php(44): CodeIgniter\CodeIgniter->run()
#10 /var/www/html/SMAP/system/Commands/Server/rewrite.php(45): require_once('/var/www/html/S...')
#11 {main}
CRITICAL - 2021-03-10 21:25:53 --> Unknown column 'id' in 'field list'
#0 /var/www/html/SMAP/system/Database/MySQLi/Connection.php(314): mysqli->query('SELECT COUNT(`i...')
#1 /var/www/html/SMAP/system/Database/BaseConnection.php(713): CodeIgniter\Database\MySQLi\Connection->execute('SELECT COUNT(`i...')
#2 /var/www/html/SMAP/system/Database/BaseConnection.php(641): CodeIgniter\Database\BaseConnection->simpleQuery('SELECT COUNT(`i...')
#3 /var/www/html/SMAP/system/Database/BaseBuilder.php(1866): CodeIgniter\Database\BaseConnection->query('SELECT COUNT(`i...', Array, false)
#4 /var/www/html/SMAP/system/Model.php(836): CodeIgniter\Database\BaseBuilder->get()
#5 /var/www/html/SMAP/app/Controllers/Pegawai.php(39): CodeIgniter\Model->__call('get', Array)
#6 /var/www/html/SMAP/system/CodeIgniter.php(936): App\Controllers\Pegawai->getJumlah()
#7 /var/www/html/SMAP/system/CodeIgniter.php(432): CodeIgniter\CodeIgniter->runController(Object(App\Controllers\Pegawai))
#8 /var/www/html/SMAP/system/CodeIgniter.php(333): CodeIgniter\CodeIgniter->handleRequest(NULL, Object(Config\Cache), false)
#9 /var/www/html/SMAP/public/index.php(44): CodeIgniter\CodeIgniter->run()
#10 /var/www/html/SMAP/system/Commands/Server/rewrite.php(45): require_once('/var/www/html/S...')
#11 {main}
CRITICAL - 2021-03-10 21:26:13 --> Undefined index: id
#0 /var/www/html/SMAP/app/Views/admin/pegawai/read.php(24): CodeIgniter\Debug\Exceptions->errorHandler(8, 'Undefined index...', '/var/www/html/S...', 24, Array)
#1 /var/www/html/SMAP/system/View/View.php(220): include('/var/www/html/S...')
#2 /var/www/html/SMAP/system/View/View.php(222): CodeIgniter\View\View->CodeIgniter\View\{closure}()
#3 /var/www/html/SMAP/system/Common.php(1217): CodeIgniter\View\View->render('admin/pegawai/r...', Array, true)
#4 /var/www/html/SMAP/app/Controllers/Pegawai.php(25): view('admin/pegawai/r...', Array)
#5 /var/www/html/SMAP/system/CodeIgniter.php(936): App\Controllers\Pegawai->fetch_data()
#6 /var/www/html/SMAP/system/CodeIgniter.php(432): CodeIgniter\CodeIgniter->runController(Object(App\Controllers\Pegawai))
#7 /var/www/html/SMAP/system/CodeIgniter.php(333): CodeIgniter\CodeIgniter->handleRequest(NULL, Object(Config\Cache), false)
#8 /var/www/html/SMAP/public/index.php(44): CodeIgniter\CodeIgniter->run()
#9 /var/www/html/SMAP/system/Commands/Server/rewrite.php(45): require_once('/var/www/html/S...')
#10 {main}
ERROR - 2021-03-10 21:26:13 --> mysqli_sql_exception: Unknown column 'id_jabatan' in 'field list' in /var/www/html/SMAP/system/Database/MySQLi/Connection.php:314
Stack trace:
#0 /var/www/html/SMAP/system/Database/MySQLi/Connection.php(314): mysqli->query('SELECT COUNT(`i...')
#1 /var/www/html/SMAP/system/Database/BaseConnection.php(713): CodeIgniter\Database\MySQLi\Connection->execute('SELECT COUNT(`i...')
#2 /var/www/html/SMAP/system/Database/BaseConnection.php(641): CodeIgniter\Database\BaseConnection->simpleQuery('SELECT COUNT(`i...')
#3 /var/www/html/SMAP/system/Database/BaseBuilder.php(1866): CodeIgniter\Database\BaseConnection->query('SELECT COUNT(`i...', Array, false)
#4 /var/www/html/SMAP/system/Model.php(836): CodeIgniter\Database\BaseBuilder->get()
#5 /var/www/html/SMAP/app/Controllers/Pegawai.php(39): CodeIgniter\Model->__call('get', Array)
#6 /var/www/html/SMAP/system/CodeIgniter.php(936): App\Controllers\Pegawai->getJumlah()
#7 /var/www/html/SMAP/system/CodeIgniter.php(432): CodeIgniter\CodeIgniter->runController(Object(App\Controllers\Pegawai))
#8 /var/www/html/SMAP/system/CodeIgniter.php(333): CodeIgniter\CodeIgniter->handleRequest(NULL, Object(Config\Cache), false)
#9 /var/www/html/SMAP/public/index.php(44): CodeIgniter\CodeIgniter->run()
#10 /var/www/html/SMAP/system/Commands/Server/rewrite.php(45): require_once('/var/www/html/S...')
#11 {main}
CRITICAL - 2021-03-10 21:26:13 --> Unknown column 'id_jabatan' in 'field list'
#0 /var/www/html/SMAP/system/Database/MySQLi/Connection.php(314): mysqli->query('SELECT COUNT(`i...')
#1 /var/www/html/SMAP/system/Database/BaseConnection.php(713): CodeIgniter\Database\MySQLi\Connection->execute('SELECT COUNT(`i...')
#2 /var/www/html/SMAP/system/Database/BaseConnection.php(641): CodeIgniter\Database\BaseConnection->simpleQuery('SELECT COUNT(`i...')
#3 /var/www/html/SMAP/system/Database/BaseBuilder.php(1866): CodeIgniter\Database\BaseConnection->query('SELECT COUNT(`i...', Array, false)
#4 /var/www/html/SMAP/system/Model.php(836): CodeIgniter\Database\BaseBuilder->get()
#5 /var/www/html/SMAP/app/Controllers/Pegawai.php(39): CodeIgniter\Model->__call('get', Array)
#6 /var/www/html/SMAP/system/CodeIgniter.php(936): App\Controllers\Pegawai->getJumlah()
#7 /var/www/html/SMAP/system/CodeIgniter.php(432): CodeIgniter\CodeIgniter->runController(Object(App\Controllers\Pegawai))
#8 /var/www/html/SMAP/system/CodeIgniter.php(333): CodeIgniter\CodeIgniter->handleRequest(NULL, Object(Config\Cache), false)
#9 /var/www/html/SMAP/public/index.php(44): CodeIgniter\CodeIgniter->run()
#10 /var/www/html/SMAP/system/Commands/Server/rewrite.php(45): require_once('/var/www/html/S...')
#11 {main}
ERROR - 2021-03-10 21:26:49 --> mysqli_sql_exception: Unknown column 'id_jabatan' in 'field list' in /var/www/html/SMAP/system/Database/MySQLi/Connection.php:314
Stack trace:
#0 /var/www/html/SMAP/system/Database/MySQLi/Connection.php(314): mysqli->query('SELECT COUNT(`i...')
#1 /var/www/html/SMAP/system/Database/BaseConnection.php(713): CodeIgniter\Database\MySQLi\Connection->execute('SELECT COUNT(`i...')
#2 /var/www/html/SMAP/system/Database/BaseConnection.php(641): CodeIgniter\Database\BaseConnection->simpleQuery('SELECT COUNT(`i...')
#3 /var/www/html/SMAP/system/Database/BaseBuilder.php(1866): CodeIgniter\Database\BaseConnection->query('SELECT COUNT(`i...', Array, false)
#4 /var/www/html/SMAP/system/Model.php(836): CodeIgniter\Database\BaseBuilder->get()
#5 /var/www/html/SMAP/app/Controllers/Pegawai.php(39): CodeIgniter\Model->__call('get', Array)
#6 /var/www/html/SMAP/system/CodeIgniter.php(936): App\Controllers\Pegawai->getJumlah()
#7 /var/www/html/SMAP/system/CodeIgniter.php(432): CodeIgniter\CodeIgniter->runController(Object(App\Controllers\Pegawai))
#8 /var/www/html/SMAP/system/CodeIgniter.php(333): CodeIgniter\CodeIgniter->handleRequest(NULL, Object(Config\Cache), false)
#9 /var/www/html/SMAP/public/index.php(44): CodeIgniter\CodeIgniter->run()
#10 /var/www/html/SMAP/system/Commands/Server/rewrite.php(45): require_once('/var/www/html/S...')
#11 {main}
CRITICAL - 2021-03-10 21:26:49 --> Unknown column 'id_jabatan' in 'field list'
#0 /var/www/html/SMAP/system/Database/MySQLi/Connection.php(314): mysqli->query('SELECT COUNT(`i...')
#1 /var/www/html/SMAP/system/Database/BaseConnection.php(713): CodeIgniter\Database\MySQLi\Connection->execute('SELECT COUNT(`i...')
#2 /var/www/html/SMAP/system/Database/BaseConnection.php(641): CodeIgniter\Database\BaseConnection->simpleQuery('SELECT COUNT(`i...')
#3 /var/www/html/SMAP/system/Database/BaseBuilder.php(1866): CodeIgniter\Database\BaseConnection->query('SELECT COUNT(`i...', Array, false)
#4 /var/www/html/SMAP/system/Model.php(836): CodeIgniter\Database\BaseBuilder->get()
#5 /var/www/html/SMAP/app/Controllers/Pegawai.php(39): CodeIgniter\Model->__call('get', Array)
#6 /var/www/html/SMAP/system/CodeIgniter.php(936): App\Controllers\Pegawai->getJumlah()
#7 /var/www/html/SMAP/system/CodeIgniter.php(432): CodeIgniter\CodeIgniter->runController(Object(App\Controllers\Pegawai))
#8 /var/www/html/SMAP/system/CodeIgniter.php(333): CodeIgniter\CodeIgniter->handleRequest(NULL, Object(Config\Cache), false)
#9 /var/www/html/SMAP/public/index.php(44): CodeIgniter\CodeIgniter->run()
#10 /var/www/html/SMAP/system/Commands/Server/rewrite.php(45): require_once('/var/www/html/S...')
#11 {main}
ERROR - 2021-03-10 21:27:58 --> mysqli_sql_exception: Unknown column 'id_jabatan' in 'field list' in /var/www/html/SMAP/system/Database/MySQLi/Connection.php:314
Stack trace:
#0 /var/www/html/SMAP/system/Database/MySQLi/Connection.php(314): mysqli->query('SELECT COUNT(`i...')
#1 /var/www/html/SMAP/system/Database/BaseConnection.php(713): CodeIgniter\Database\MySQLi\Connection->execute('SELECT COUNT(`i...')
#2 /var/www/html/SMAP/system/Database/BaseConnection.php(641): CodeIgniter\Database\BaseConnection->simpleQuery('SELECT COUNT(`i...')
#3 /var/www/html/SMAP/system/Database/BaseBuilder.php(1866): CodeIgniter\Database\BaseConnection->query('SELECT COUNT(`i...', Array, false)
#4 /var/www/html/SMAP/system/Model.php(836): CodeIgniter\Database\BaseBuilder->get()
#5 /var/www/html/SMAP/app/Controllers/Pegawai.php(39): CodeIgniter\Model->__call('get', Array)
#6 /var/www/html/SMAP/system/CodeIgniter.php(936): App\Controllers\Pegawai->getJumlah()
#7 /var/www/html/SMAP/system/CodeIgniter.php(432): CodeIgniter\CodeIgniter->runController(Object(App\Controllers\Pegawai))
#8 /var/www/html/SMAP/system/CodeIgniter.php(333): CodeIgniter\CodeIgniter->handleRequest(NULL, Object(Config\Cache), false)
#9 /var/www/html/SMAP/public/index.php(44): CodeIgniter\CodeIgniter->run()
#10 /var/www/html/SMAP/system/Commands/Server/rewrite.php(45): require_once('/var/www/html/S...')
#11 {main}
CRITICAL - 2021-03-10 21:27:58 --> Unknown column 'id_jabatan' in 'field list'
#0 /var/www/html/SMAP/system/Database/MySQLi/Connection.php(314): mysqli->query('SELECT COUNT(`i...')
#1 /var/www/html/SMAP/system/Database/BaseConnection.php(713): CodeIgniter\Database\MySQLi\Connection->execute('SELECT COUNT(`i...')
#2 /var/www/html/SMAP/system/Database/BaseConnection.php(641): CodeIgniter\Database\BaseConnection->simpleQuery('SELECT COUNT(`i...')
#3 /var/www/html/SMAP/system/Database/BaseBuilder.php(1866): CodeIgniter\Database\BaseConnection->query('SELECT COUNT(`i...', Array, false)
#4 /var/www/html/SMAP/system/Model.php(836): CodeIgniter\Database\BaseBuilder->get()
#5 /var/www/html/SMAP/app/Controllers/Pegawai.php(39): CodeIgniter\Model->__call('get', Array)
#6 /var/www/html/SMAP/system/CodeIgniter.php(936): App\Controllers\Pegawai->getJumlah()
#7 /var/www/html/SMAP/system/CodeIgniter.php(432): CodeIgniter\CodeIgniter->runController(Object(App\Controllers\Pegawai))
#8 /var/www/html/SMAP/system/CodeIgniter.php(333): CodeIgniter\CodeIgniter->handleRequest(NULL, Object(Config\Cache), false)
#9 /var/www/html/SMAP/public/index.php(44): CodeIgniter\CodeIgniter->run()
#10 /var/www/html/SMAP/system/Commands/Server/rewrite.php(45): require_once('/var/www/html/S...')
#11 {main}
CRITICAL - 2021-03-10 21:28:29 --> Undefined index: id
#0 /var/www/html/SMAP/app/Controllers/Pegawai.php(248): CodeIgniter\Debug\Exceptions->errorHandler(8, 'Undefined index...', '/var/www/html/S...', 248, Array)
#1 /var/www/html/SMAP/system/CodeIgniter.php(936): App\Controllers\Pegawai->form_edit()
#2 /var/www/html/SMAP/system/CodeIgniter.php(432): CodeIgniter\CodeIgniter->runController(Object(App\Controllers\Pegawai))
#3 /var/www/html/SMAP/system/CodeIgniter.php(333): CodeIgniter\CodeIgniter->handleRequest(NULL, Object(Config\Cache), false)
#4 /var/www/html/SMAP/public/index.php(44): CodeIgniter\CodeIgniter->run()
#5 /var/www/html/SMAP/system/Commands/Server/rewrite.php(45): require_once('/var/www/html/S...')
#6 {main}
ERROR - 2021-03-10 21:29:43 --> mysqli_sql_exception: Unknown column 'id_jabatan' in 'field list' in /var/www/html/SMAP/system/Database/MySQLi/Connection.php:314
Stack trace:
#0 /var/www/html/SMAP/system/Database/MySQLi/Connection.php(314): mysqli->query('SELECT COUNT(`i...')
#1 /var/www/html/SMAP/system/Database/BaseConnection.php(713): CodeIgniter\Database\MySQLi\Connection->execute('SELECT COUNT(`i...')
#2 /var/www/html/SMAP/system/Database/BaseConnection.php(641): CodeIgniter\Database\BaseConnection->simpleQuery('SELECT COUNT(`i...')
#3 /var/www/html/SMAP/system/Database/BaseBuilder.php(1866): CodeIgniter\Database\BaseConnection->query('SELECT COUNT(`i...', Array, false)
#4 /var/www/html/SMAP/system/Model.php(836): CodeIgniter\Database\BaseBuilder->get()
#5 /var/www/html/SMAP/app/Controllers/Pegawai.php(39): CodeIgniter\Model->__call('get', Array)
#6 /var/www/html/SMAP/system/CodeIgniter.php(936): App\Controllers\Pegawai->getJumlah()
#7 /var/www/html/SMAP/system/CodeIgniter.php(432): CodeIgniter\CodeIgniter->runController(Object(App\Controllers\Pegawai))
#8 /var/www/html/SMAP/system/CodeIgniter.php(333): CodeIgniter\CodeIgniter->handleRequest(NULL, Object(Config\Cache), false)
#9 /var/www/html/SMAP/public/index.php(44): CodeIgniter\CodeIgniter->run()
#10 /var/www/html/SMAP/system/Commands/Server/rewrite.php(45): require_once('/var/www/html/S...')
#11 {main}
CRITICAL - 2021-03-10 21:29:43 --> Unknown column 'id_jabatan' in 'field list'
#0 /var/www/html/SMAP/system/Database/MySQLi/Connection.php(314): mysqli->query('SELECT COUNT(`i...')
#1 /var/www/html/SMAP/system/Database/BaseConnection.php(713): CodeIgniter\Database\MySQLi\Connection->execute('SELECT COUNT(`i...')
#2 /var/www/html/SMAP/system/Database/BaseConnection.php(641): CodeIgniter\Database\BaseConnection->simpleQuery('SELECT COUNT(`i...')
#3 /var/www/html/SMAP/system/Database/BaseBuilder.php(1866): CodeIgniter\Database\BaseConnection->query('SELECT COUNT(`i...', Array, false)
#4 /var/www/html/SMAP/system/Model.php(836): CodeIgniter\Database\BaseBuilder->get()
#5 /var/www/html/SMAP/app/Controllers/Pegawai.php(39): CodeIgniter\Model->__call('get', Array)
#6 /var/www/html/SMAP/system/CodeIgniter.php(936): App\Controllers\Pegawai->getJumlah()
#7 /var/www/html/SMAP/system/CodeIgniter.php(432): CodeIgniter\CodeIgniter->runController(Object(App\Controllers\Pegawai))
#8 /var/www/html/SMAP/system/CodeIgniter.php(333): CodeIgniter\CodeIgniter->handleRequest(NULL, Object(Config\Cache), false)
#9 /var/www/html/SMAP/public/index.php(44): CodeIgniter\CodeIgniter->run()
#10 /var/www/html/SMAP/system/Commands/Server/rewrite.php(45): require_once('/var/www/html/S...')
#11 {main}
CRITICAL - 2021-03-10 21:29:44 --> Undefined index: id
#0 /var/www/html/SMAP/app/Controllers/Pegawai.php(248): CodeIgniter\Debug\Exceptions->errorHandler(8, 'Undefined index...', '/var/www/html/S...', 248, Array)
#1 /var/www/html/SMAP/system/CodeIgniter.php(936): App\Controllers\Pegawai->form_edit()
#2 /var/www/html/SMAP/system/CodeIgniter.php(432): CodeIgniter\CodeIgniter->runController(Object(App\Controllers\Pegawai))
#3 /var/www/html/SMAP/system/CodeIgniter.php(333): CodeIgniter\CodeIgniter->handleRequest(NULL, Object(Config\Cache), false)
#4 /var/www/html/SMAP/public/index.php(44): CodeIgniter\CodeIgniter->run()
#5 /var/www/html/SMAP/system/Commands/Server/rewrite.php(45): require_once('/var/www/html/S...')
#6 {main}
CRITICAL - 2021-03-10 21:29:44 --> Undefined index: id
#0 /var/www/html/SMAP/app/Controllers/Pegawai.php(248): CodeIgniter\Debug\Exceptions->errorHandler(8, 'Undefined index...', '/var/www/html/S...', 248, Array)
#1 /var/www/html/SMAP/system/CodeIgniter.php(936): App\Controllers\Pegawai->form_edit()
#2 /var/www/html/SMAP/system/CodeIgniter.php(432): CodeIgniter\CodeIgniter->runController(Object(App\Controllers\Pegawai))
#3 /var/www/html/SMAP/system/CodeIgniter.php(333): CodeIgniter\CodeIgniter->handleRequest(NULL, Object(Config\Cache), false)
#4 /var/www/html/SMAP/public/index.php(44): CodeIgniter\CodeIgniter->run()
#5 /var/www/html/SMAP/system/Commands/Server/rewrite.php(45): require_once('/var/www/html/S...')
#6 {main}
ERROR - 2021-03-10 21:30:12 --> mysqli_sql_exception: Unknown column 'id_jabatan' in 'field list' in /var/www/html/SMAP/system/Database/MySQLi/Connection.php:314
Stack trace:
#0 /var/www/html/SMAP/system/Database/MySQLi/Connection.php(314): mysqli->query('SELECT COUNT(`i...')
#1 /var/www/html/SMAP/system/Database/BaseConnection.php(713): CodeIgniter\Database\MySQLi\Connection->execute('SELECT COUNT(`i...')
#2 /var/www/html/SMAP/system/Database/BaseConnection.php(641): CodeIgniter\Database\BaseConnection->simpleQuery('SELECT COUNT(`i...')
#3 /var/www/html/SMAP/system/Database/BaseBuilder.php(1866): CodeIgniter\Database\BaseConnection->query('SELECT COUNT(`i...', Array, false)
#4 /var/www/html/SMAP/system/Model.php(836): CodeIgniter\Database\BaseBuilder->get()
#5 /var/www/html/SMAP/app/Controllers/Pegawai.php(39): CodeIgniter\Model->__call('get', Array)
#6 /var/www/html/SMAP/system/CodeIgniter.php(936): App\Controllers\Pegawai->getJumlah()
#7 /var/www/html/SMAP/system/CodeIgniter.php(432): CodeIgniter\CodeIgniter->runController(Object(App\Controllers\Pegawai))
#8 /var/www/html/SMAP/system/CodeIgniter.php(333): CodeIgniter\CodeIgniter->handleRequest(NULL, Object(Config\Cache), false)
#9 /var/www/html/SMAP/public/index.php(44): CodeIgniter\CodeIgniter->run()
#10 /var/www/html/SMAP/system/Commands/Server/rewrite.php(45): require_once('/var/www/html/S...')
#11 {main}
CRITICAL - 2021-03-10 21:30:12 --> Unknown column 'id_jabatan' in 'field list'
#0 /var/www/html/SMAP/system/Database/MySQLi/Connection.php(314): mysqli->query('SELECT COUNT(`i...')
#1 /var/www/html/SMAP/system/Database/BaseConnection.php(713): CodeIgniter\Database\MySQLi\Connection->execute('SELECT COUNT(`i...')
#2 /var/www/html/SMAP/system/Database/BaseConnection.php(641): CodeIgniter\Database\BaseConnection->simpleQuery('SELECT COUNT(`i...')
#3 /var/www/html/SMAP/system/Database/BaseBuilder.php(1866): CodeIgniter\Database\BaseConnection->query('SELECT COUNT(`i...', Array, false)
#4 /var/www/html/SMAP/system/Model.php(836): CodeIgniter\Database\BaseBuilder->get()
#5 /var/www/html/SMAP/app/Controllers/Pegawai.php(39): CodeIgniter\Model->__call('get', Array)
#6 /var/www/html/SMAP/system/CodeIgniter.php(936): App\Controllers\Pegawai->getJumlah()
#7 /var/www/html/SMAP/system/CodeIgniter.php(432): CodeIgniter\CodeIgniter->runController(Object(App\Controllers\Pegawai))
#8 /var/www/html/SMAP/system/CodeIgniter.php(333): CodeIgniter\CodeIgniter->handleRequest(NULL, Object(Config\Cache), false)
#9 /var/www/html/SMAP/public/index.php(44): CodeIgniter\CodeIgniter->run()
#10 /var/www/html/SMAP/system/Commands/Server/rewrite.php(45): require_once('/var/www/html/S...')
#11 {main}
ERROR - 2021-03-10 21:32:45 --> mysqli_sql_exception: Unknown column 'id_jabatan' in 'field list' in /var/www/html/SMAP/system/Database/MySQLi/Connection.php:314
Stack trace:
#0 /var/www/html/SMAP/system/Database/MySQLi/Connection.php(314): mysqli->query('SELECT COUNT(`i...')
#1 /var/www/html/SMAP/system/Database/BaseConnection.php(713): CodeIgniter\Database\MySQLi\Connection->execute('SELECT COUNT(`i...')
#2 /var/www/html/SMAP/system/Database/BaseConnection.php(641): CodeIgniter\Database\BaseConnection->simpleQuery('SELECT COUNT(`i...')
#3 /var/www/html/SMAP/system/Database/BaseBuilder.php(1866): CodeIgniter\Database\BaseConnection->query('SELECT COUNT(`i...', Array, false)
#4 /var/www/html/SMAP/system/Model.php(836): CodeIgniter\Database\BaseBuilder->get()
#5 /var/www/html/SMAP/app/Controllers/Pegawai.php(39): CodeIgniter\Model->__call('get', Array)
#6 /var/www/html/SMAP/system/CodeIgniter.php(936): App\Controllers\Pegawai->getJumlah()
#7 /var/www/html/SMAP/system/CodeIgniter.php(432): CodeIgniter\CodeIgniter->runController(Object(App\Controllers\Pegawai))
#8 /var/www/html/SMAP/system/CodeIgniter.php(333): CodeIgniter\CodeIgniter->handleRequest(NULL, Object(Config\Cache), false)
#9 /var/www/html/SMAP/public/index.php(44): CodeIgniter\CodeIgniter->run()
#10 /var/www/html/SMAP/system/Commands/Server/rewrite.php(45): require_once('/var/www/html/S...')
#11 {main}
CRITICAL - 2021-03-10 21:32:45 --> Unknown column 'id_jabatan' in 'field list'
#0 /var/www/html/SMAP/system/Database/MySQLi/Connection.php(314): mysqli->query('SELECT COUNT(`i...')
#1 /var/www/html/SMAP/system/Database/BaseConnection.php(713): CodeIgniter\Database\MySQLi\Connection->execute('SELECT COUNT(`i...')
#2 /var/www/html/SMAP/system/Database/BaseConnection.php(641): CodeIgniter\Database\BaseConnection->simpleQuery('SELECT COUNT(`i...')
#3 /var/www/html/SMAP/system/Database/BaseBuilder.php(1866): CodeIgniter\Database\BaseConnection->query('SELECT COUNT(`i...', Array, false)
#4 /var/www/html/SMAP/system/Model.php(836): CodeIgniter\Database\BaseBuilder->get()
#5 /var/www/html/SMAP/app/Controllers/Pegawai.php(39): CodeIgniter\Model->__call('get', Array)
#6 /var/www/html/SMAP/system/CodeIgniter.php(936): App\Controllers\Pegawai->getJumlah()
#7 /var/www/html/SMAP/system/CodeIgniter.php(432): CodeIgniter\CodeIgniter->runController(Object(App\Controllers\Pegawai))
#8 /var/www/html/SMAP/system/CodeIgniter.php(333): CodeIgniter\CodeIgniter->handleRequest(NULL, Object(Config\Cache), false)
#9 /var/www/html/SMAP/public/index.php(44): CodeIgniter\CodeIgniter->run()
#10 /var/www/html/SMAP/system/Commands/Server/rewrite.php(45): require_once('/var/www/html/S...')
#11 {main}
ERROR - 2021-03-10 21:33:00 --> mysqli_sql_exception: Unknown column 'id_jabatan' in 'field list' in /var/www/html/SMAP/system/Database/MySQLi/Connection.php:314
Stack trace:
#0 /var/www/html/SMAP/system/Database/MySQLi/Connection.php(314): mysqli->query('SELECT COUNT(`i...')
#1 /var/www/html/SMAP/system/Database/BaseConnection.php(713): CodeIgniter\Database\MySQLi\Connection->execute('SELECT COUNT(`i...')
#2 /var/www/html/SMAP/system/Database/BaseConnection.php(641): CodeIgniter\Database\BaseConnection->simpleQuery('SELECT COUNT(`i...')
#3 /var/www/html/SMAP/system/Database/BaseBuilder.php(1866): CodeIgniter\Database\BaseConnection->query('SELECT COUNT(`i...', Array, false)
#4 /var/www/html/SMAP/system/Model.php(836): CodeIgniter\Database\BaseBuilder->get()
#5 /var/www/html/SMAP/app/Controllers/Pegawai.php(39): CodeIgniter\Model->__call('get', Array)
#6 /var/www/html/SMAP/system/CodeIgniter.php(936): App\Controllers\Pegawai->getJumlah()
#7 /var/www/html/SMAP/system/CodeIgniter.php(432): CodeIgniter\CodeIgniter->runController(Object(App\Controllers\Pegawai))
#8 /var/www/html/SMAP/system/CodeIgniter.php(333): CodeIgniter\CodeIgniter->handleRequest(NULL, Object(Config\Cache), false)
#9 /var/www/html/SMAP/public/index.php(44): CodeIgniter\CodeIgniter->run()
#10 /var/www/html/SMAP/system/Commands/Server/rewrite.php(45): require_once('/var/www/html/S...')
#11 {main}
CRITICAL - 2021-03-10 21:33:00 --> Unknown column 'id_jabatan' in 'field list'
#0 /var/www/html/SMAP/system/Database/MySQLi/Connection.php(314): mysqli->query('SELECT COUNT(`i...')
#1 /var/www/html/SMAP/system/Database/BaseConnection.php(713): CodeIgniter\Database\MySQLi\Connection->execute('SELECT COUNT(`i...')
#2 /var/www/html/SMAP/system/Database/BaseConnection.php(641): CodeIgniter\Database\BaseConnection->simpleQuery('SELECT COUNT(`i...')
#3 /var/www/html/SMAP/system/Database/BaseBuilder.php(1866): CodeIgniter\Database\BaseConnection->query('SELECT COUNT(`i...', Array, false)
#4 /var/www/html/SMAP/system/Model.php(836): CodeIgniter\Database\BaseBuilder->get()
#5 /var/www/html/SMAP/app/Controllers/Pegawai.php(39): CodeIgniter\Model->__call('get', Array)
#6 /var/www/html/SMAP/system/CodeIgniter.php(936): App\Controllers\Pegawai->getJumlah()
#7 /var/www/html/SMAP/system/CodeIgniter.php(432): CodeIgniter\CodeIgniter->runController(Object(App\Controllers\Pegawai))
#8 /var/www/html/SMAP/system/CodeIgniter.php(333): CodeIgniter\CodeIgniter->handleRequest(NULL, Object(Config\Cache), false)
#9 /var/www/html/SMAP/public/index.php(44): CodeIgniter\CodeIgniter->run()
#10 /var/www/html/SMAP/system/Commands/Server/rewrite.php(45): require_once('/var/www/html/S...')
#11 {main}
CRITICAL - 2021-03-10 21:33:48 --> Undefined index: id
#0 /var/www/html/SMAP/app/Views/admin/pegawai/create.php(54): CodeIgniter\Debug\Exceptions->errorHandler(8, 'Undefined index...', '/var/www/html/S...', 54, Array)
#1 /var/www/html/SMAP/system/View/View.php(220): include('/var/www/html/S...')
#2 /var/www/html/SMAP/system/View/View.php(222): CodeIgniter\View\View->CodeIgniter\View\{closure}()
#3 /var/www/html/SMAP/system/Common.php(1217): CodeIgniter\View\View->render('admin/pegawai/c...', Array, true)
#4 /var/www/html/SMAP/app/Controllers/Pegawai.php(60): view('admin/pegawai/c...', Array)
#5 /var/www/html/SMAP/system/CodeIgniter.php(936): App\Controllers\Pegawai->form_tambah()
#6 /var/www/html/SMAP/system/CodeIgniter.php(432): CodeIgniter\CodeIgniter->runController(Object(App\Controllers\Pegawai))
#7 /var/www/html/SMAP/system/CodeIgniter.php(333): CodeIgniter\CodeIgniter->handleRequest(NULL, Object(Config\Cache), false)
#8 /var/www/html/SMAP/public/index.php(44): CodeIgniter\CodeIgniter->run()
#9 /var/www/html/SMAP/system/Commands/Server/rewrite.php(45): require_once('/var/www/html/S...')
#10 {main}
CRITICAL - 2021-03-10 21:33:50 --> Undefined index: id
#0 /var/www/html/SMAP/app/Views/admin/pegawai/create.php(54): CodeIgniter\Debug\Exceptions->errorHandler(8, 'Undefined index...', '/var/www/html/S...', 54, Array)
#1 /var/www/html/SMAP/system/View/View.php(220): include('/var/www/html/S...')
#2 /var/www/html/SMAP/system/View/View.php(222): CodeIgniter\View\View->CodeIgniter\View\{closure}()
#3 /var/www/html/SMAP/system/Common.php(1217): CodeIgniter\View\View->render('admin/pegawai/c...', Array, true)
#4 /var/www/html/SMAP/app/Controllers/Pegawai.php(60): view('admin/pegawai/c...', Array)
#5 /var/www/html/SMAP/system/CodeIgniter.php(936): App\Controllers\Pegawai->form_tambah()
#6 /var/www/html/SMAP/system/CodeIgniter.php(432): CodeIgniter\CodeIgniter->runController(Object(App\Controllers\Pegawai))
#7 /var/www/html/SMAP/system/CodeIgniter.php(333): CodeIgniter\CodeIgniter->handleRequest(NULL, Object(Config\Cache), false)
#8 /var/www/html/SMAP/public/index.php(44): CodeIgniter\CodeIgniter->run()
#9 /var/www/html/SMAP/system/Commands/Server/rewrite.php(45): require_once('/var/www/html/S...')
#10 {main}
CRITICAL - 2021-03-10 21:33:50 --> Undefined index: id
#0 /var/www/html/SMAP/app/Views/admin/pegawai/create.php(54): CodeIgniter\Debug\Exceptions->errorHandler(8, 'Undefined index...', '/var/www/html/S...', 54, Array)
#1 /var/www/html/SMAP/system/View/View.php(220): include('/var/www/html/S...')
#2 /var/www/html/SMAP/system/View/View.php(222): CodeIgniter\View\View->CodeIgniter\View\{closure}()
#3 /var/www/html/SMAP/system/Common.php(1217): CodeIgniter\View\View->render('admin/pegawai/c...', Array, true)
#4 /var/www/html/SMAP/app/Controllers/Pegawai.php(60): view('admin/pegawai/c...', Array)
#5 /var/www/html/SMAP/system/CodeIgniter.php(936): App\Controllers\Pegawai->form_tambah()
#6 /var/www/html/SMAP/system/CodeIgniter.php(432): CodeIgniter\CodeIgniter->runController(Object(App\Controllers\Pegawai))
#7 /var/www/html/SMAP/system/CodeIgniter.php(333): CodeIgniter\CodeIgniter->handleRequest(NULL, Object(Config\Cache), false)
#8 /var/www/html/SMAP/public/index.php(44): CodeIgniter\CodeIgniter->run()
#9 /var/www/html/SMAP/system/Commands/Server/rewrite.php(45): require_once('/var/www/html/S...')
#10 {main}
CRITICAL - 2021-03-10 21:33:50 --> Undefined index: id
#0 /var/www/html/SMAP/app/Views/admin/pegawai/create.php(54): CodeIgniter\Debug\Exceptions->errorHandler(8, 'Undefined index...', '/var/www/html/S...', 54, Array)
#1 /var/www/html/SMAP/system/View/View.php(220): include('/var/www/html/S...')
#2 /var/www/html/SMAP/system/View/View.php(222): CodeIgniter\View\View->CodeIgniter\View\{closure}()
#3 /var/www/html/SMAP/system/Common.php(1217): CodeIgniter\View\View->render('admin/pegawai/c...', Array, true)
#4 /var/www/html/SMAP/app/Controllers/Pegawai.php(60): view('admin/pegawai/c...', Array)
#5 /var/www/html/SMAP/system/CodeIgniter.php(936): App\Controllers\Pegawai->form_tambah()
#6 /var/www/html/SMAP/system/CodeIgniter.php(432): CodeIgniter\CodeIgniter->runController(Object(App\Controllers\Pegawai))
#7 /var/www/html/SMAP/system/CodeIgniter.php(333): CodeIgniter\CodeIgniter->handleRequest(NULL, Object(Config\Cache), false)
#8 /var/www/html/SMAP/public/index.php(44): CodeIgniter\CodeIgniter->run()
#9 /var/www/html/SMAP/system/Commands/Server/rewrite.php(45): require_once('/var/www/html/S...')
#10 {main}
ERROR - 2021-03-10 21:34:14 --> mysqli_sql_exception: Unknown column 'id_jabatan' in 'field list' in /var/www/html/SMAP/system/Database/MySQLi/Connection.php:314
Stack trace:
#0 /var/www/html/SMAP/system/Database/MySQLi/Connection.php(314): mysqli->query('SELECT COUNT(`i...')
#1 /var/www/html/SMAP/system/Database/BaseConnection.php(713): CodeIgniter\Database\MySQLi\Connection->execute('SELECT COUNT(`i...')
#2 /var/www/html/SMAP/system/Database/BaseConnection.php(641): CodeIgniter\Database\BaseConnection->simpleQuery('SELECT COUNT(`i...')
#3 /var/www/html/SMAP/system/Database/BaseBuilder.php(1866): CodeIgniter\Database\BaseConnection->query('SELECT COUNT(`i...', Array, false)
#4 /var/www/html/SMAP/system/Model.php(836): CodeIgniter\Database\BaseBuilder->get()
#5 /var/www/html/SMAP/app/Controllers/Pegawai.php(39): CodeIgniter\Model->__call('get', Array)
#6 /var/www/html/SMAP/system/CodeIgniter.php(936): App\Controllers\Pegawai->getJumlah()
#7 /var/www/html/SMAP/system/CodeIgniter.php(432): CodeIgniter\CodeIgniter->runController(Object(App\Controllers\Pegawai))
#8 /var/www/html/SMAP/system/CodeIgniter.php(333): CodeIgniter\CodeIgniter->handleRequest(NULL, Object(Config\Cache), false)
#9 /var/www/html/SMAP/public/index.php(44): CodeIgniter\CodeIgniter->run()
#10 /var/www/html/SMAP/system/Commands/Server/rewrite.php(45): require_once('/var/www/html/S...')
#11 {main}
CRITICAL - 2021-03-10 21:34:14 --> Unknown column 'id_jabatan' in 'field list'
#0 /var/www/html/SMAP/system/Database/MySQLi/Connection.php(314): mysqli->query('SELECT COUNT(`i...')
#1 /var/www/html/SMAP/system/Database/BaseConnection.php(713): CodeIgniter\Database\MySQLi\Connection->execute('SELECT COUNT(`i...')
#2 /var/www/html/SMAP/system/Database/BaseConnection.php(641): CodeIgniter\Database\BaseConnection->simpleQuery('SELECT COUNT(`i...')
#3 /var/www/html/SMAP/system/Database/BaseBuilder.php(1866): CodeIgniter\Database\BaseConnection->query('SELECT COUNT(`i...', Array, false)
#4 /var/www/html/SMAP/system/Model.php(836): CodeIgniter\Database\BaseBuilder->get()
#5 /var/www/html/SMAP/app/Controllers/Pegawai.php(39): CodeIgniter\Model->__call('get', Array)
#6 /var/www/html/SMAP/system/CodeIgniter.php(936): App\Controllers\Pegawai->getJumlah()
#7 /var/www/html/SMAP/system/CodeIgniter.php(432): CodeIgniter\CodeIgniter->runController(Object(App\Controllers\Pegawai))
#8 /var/www/html/SMAP/system/CodeIgniter.php(333): CodeIgniter\CodeIgniter->handleRequest(NULL, Object(Config\Cache), false)
#9 /var/www/html/SMAP/public/index.php(44): CodeIgniter\CodeIgniter->run()
#10 /var/www/html/SMAP/system/Commands/Server/rewrite.php(45): require_once('/var/www/html/S...')
#11 {main}
ERROR - 2021-03-10 21:34:50 --> mysqli_sql_exception: Unknown column 'id_jabatan' in 'field list' in /var/www/html/SMAP/system/Database/MySQLi/Connection.php:314
Stack trace:
#0 /var/www/html/SMAP/system/Database/MySQLi/Connection.php(314): mysqli->query('SELECT COUNT(`i...')
#1 /var/www/html/SMAP/system/Database/BaseConnection.php(713): CodeIgniter\Database\MySQLi\Connection->execute('SELECT COUNT(`i...')
#2 /var/www/html/SMAP/system/Database/BaseConnection.php(641): CodeIgniter\Database\BaseConnection->simpleQuery('SELECT COUNT(`i...')
#3 /var/www/html/SMAP/system/Database/BaseBuilder.php(1866): CodeIgniter\Database\BaseConnection->query('SELECT COUNT(`i...', Array, false)
#4 /var/www/html/SMAP/system/Model.php(836): CodeIgniter\Database\BaseBuilder->get()
#5 /var/www/html/SMAP/app/Controllers/Pegawai.php(39): CodeIgniter\Model->__call('get', Array)
#6 /var/www/html/SMAP/system/CodeIgniter.php(936): App\Controllers\Pegawai->getJumlah()
#7 /var/www/html/SMAP/system/CodeIgniter.php(432): CodeIgniter\CodeIgniter->runController(Object(App\Controllers\Pegawai))
#8 /var/www/html/SMAP/system/CodeIgniter.php(333): CodeIgniter\CodeIgniter->handleRequest(NULL, Object(Config\Cache), false)
#9 /var/www/html/SMAP/public/index.php(44): CodeIgniter\CodeIgniter->run()
#10 /var/www/html/SMAP/system/Commands/Server/rewrite.php(45): require_once('/var/www/html/S...')
#11 {main}
CRITICAL - 2021-03-10 21:34:50 --> Unknown column 'id_jabatan' in 'field list'
#0 /var/www/html/SMAP/system/Database/MySQLi/Connection.php(314): mysqli->query('SELECT COUNT(`i...')
#1 /var/www/html/SMAP/system/Database/BaseConnection.php(713): CodeIgniter\Database\MySQLi\Connection->execute('SELECT COUNT(`i...')
#2 /var/www/html/SMAP/system/Database/BaseConnection.php(641): CodeIgniter\Database\BaseConnection->simpleQuery('SELECT COUNT(`i...')
#3 /var/www/html/SMAP/system/Database/BaseBuilder.php(1866): CodeIgniter\Database\BaseConnection->query('SELECT COUNT(`i...', Array, false)
#4 /var/www/html/SMAP/system/Model.php(836): CodeIgniter\Database\BaseBuilder->get()
#5 /var/www/html/SMAP/app/Controllers/Pegawai.php(39): CodeIgniter\Model->__call('get', Array)
#6 /var/www/html/SMAP/system/CodeIgniter.php(936): App\Controllers\Pegawai->getJumlah()
#7 /var/www/html/SMAP/system/CodeIgniter.php(432): CodeIgniter\CodeIgniter->runController(Object(App\Controllers\Pegawai))
#8 /var/www/html/SMAP/system/CodeIgniter.php(333): CodeIgniter\CodeIgniter->handleRequest(NULL, Object(Config\Cache), false)
#9 /var/www/html/SMAP/public/index.php(44): CodeIgniter\CodeIgniter->run()
#10 /var/www/html/SMAP/system/Commands/Server/rewrite.php(45): require_once('/var/www/html/S...')
#11 {main}
CRITICAL - 2021-03-10 21:34:59 --> Undefined index: id
#0 /var/www/html/SMAP/app/Controllers/Pegawai.php(167): CodeIgniter\Debug\Exceptions->errorHandler(8, 'Undefined index...', '/var/www/html/S...', 167, Array)
#1 /var/www/html/SMAP/system/CodeIgniter.php(936): App\Controllers\Pegawai->form_upload()
#2 /var/www/html/SMAP/system/CodeIgniter.php(432): CodeIgniter\CodeIgniter->runController(Object(App\Controllers\Pegawai))
#3 /var/www/html/SMAP/system/CodeIgniter.php(333): CodeIgniter\CodeIgniter->handleRequest(NULL, Object(Config\Cache), false)
#4 /var/www/html/SMAP/public/index.php(44): CodeIgniter\CodeIgniter->run()
#5 /var/www/html/SMAP/system/Commands/Server/rewrite.php(45): require_once('/var/www/html/S...')
#6 {main}
ERROR - 2021-03-10 21:35:41 --> mysqli_sql_exception: Unknown column 'id_jabatan' in 'field list' in /var/www/html/SMAP/system/Database/MySQLi/Connection.php:314
Stack trace:
#0 /var/www/html/SMAP/system/Database/MySQLi/Connection.php(314): mysqli->query('SELECT COUNT(`i...')
#1 /var/www/html/SMAP/system/Database/BaseConnection.php(713): CodeIgniter\Database\MySQLi\Connection->execute('SELECT COUNT(`i...')
#2 /var/www/html/SMAP/system/Database/BaseConnection.php(641): CodeIgniter\Database\BaseConnection->simpleQuery('SELECT COUNT(`i...')
#3 /var/www/html/SMAP/system/Database/BaseBuilder.php(1866): CodeIgniter\Database\BaseConnection->query('SELECT COUNT(`i...', Array, false)
#4 /var/www/html/SMAP/system/Model.php(836): CodeIgniter\Database\BaseBuilder->get()
#5 /var/www/html/SMAP/app/Controllers/Pegawai.php(39): CodeIgniter\Model->__call('get', Array)
#6 /var/www/html/SMAP/system/CodeIgniter.php(936): App\Controllers\Pegawai->getJumlah()
#7 /var/www/html/SMAP/system/CodeIgniter.php(432): CodeIgniter\CodeIgniter->runController(Object(App\Controllers\Pegawai))
#8 /var/www/html/SMAP/system/CodeIgniter.php(333): CodeIgniter\CodeIgniter->handleRequest(NULL, Object(Config\Cache), false)
#9 /var/www/html/SMAP/public/index.php(44): CodeIgniter\CodeIgniter->run()
#10 /var/www/html/SMAP/system/Commands/Server/rewrite.php(45): require_once('/var/www/html/S...')
#11 {main}
CRITICAL - 2021-03-10 21:35:41 --> Unknown column 'id_jabatan' in 'field list'
#0 /var/www/html/SMAP/system/Database/MySQLi/Connection.php(314): mysqli->query('SELECT COUNT(`i...')
#1 /var/www/html/SMAP/system/Database/BaseConnection.php(713): CodeIgniter\Database\MySQLi\Connection->execute('SELECT COUNT(`i...')
#2 /var/www/html/SMAP/system/Database/BaseConnection.php(641): CodeIgniter\Database\BaseConnection->simpleQuery('SELECT COUNT(`i...')
#3 /var/www/html/SMAP/system/Database/BaseBuilder.php(1866): CodeIgniter\Database\BaseConnection->query('SELECT COUNT(`i...', Array, false)
#4 /var/www/html/SMAP/system/Model.php(836): CodeIgniter\Database\BaseBuilder->get()
#5 /var/www/html/SMAP/app/Controllers/Pegawai.php(39): CodeIgniter\Model->__call('get', Array)
#6 /var/www/html/SMAP/system/CodeIgniter.php(936): App\Controllers\Pegawai->getJumlah()
#7 /var/www/html/SMAP/system/CodeIgniter.php(432): CodeIgniter\CodeIgniter->runController(Object(App\Controllers\Pegawai))
#8 /var/www/html/SMAP/system/CodeIgniter.php(333): CodeIgniter\CodeIgniter->handleRequest(NULL, Object(Config\Cache), false)
#9 /var/www/html/SMAP/public/index.php(44): CodeIgniter\CodeIgniter->run()
#10 /var/www/html/SMAP/system/Commands/Server/rewrite.php(45): require_once('/var/www/html/S...')
#11 {main}
CRITICAL - 2021-03-10 21:37:52 --> syntax error, unexpected ')'
#0 /var/www/html/SMAP/system/Router/Router.php(170): CodeIgniter\Router\Router->autoRoute('Pegawai/form_ed...')
#1 /var/www/html/SMAP/system/CodeIgniter.php(816): CodeIgniter\Router\Router->handle('Pegawai/form_ed...')
#2 /var/www/html/SMAP/system/CodeIgniter.php(385): CodeIgniter\CodeIgniter->tryToRouteIt(Object(CodeIgniter\Router\RouteCollection))
#3 /var/www/html/SMAP/system/CodeIgniter.php(333): CodeIgniter\CodeIgniter->handleRequest(NULL, Object(Config\Cache), false)
#4 /var/www/html/SMAP/public/index.php(44): CodeIgniter\CodeIgniter->run()
#5 /var/www/html/SMAP/system/Commands/Server/rewrite.php(45): require_once('/var/www/html/S...')
#6 {main}
CRITICAL - 2021-03-10 21:37:54 --> syntax error, unexpected ')'
#0 /var/www/html/SMAP/system/Router/Router.php(170): CodeIgniter\Router\Router->autoRoute('Pegawai/form_ed...')
#1 /var/www/html/SMAP/system/CodeIgniter.php(816): CodeIgniter\Router\Router->handle('Pegawai/form_ed...')
#2 /var/www/html/SMAP/system/CodeIgniter.php(385): CodeIgniter\CodeIgniter->tryToRouteIt(Object(CodeIgniter\Router\RouteCollection))
#3 /var/www/html/SMAP/system/CodeIgniter.php(333): CodeIgniter\CodeIgniter->handleRequest(NULL, Object(Config\Cache), false)
#4 /var/www/html/SMAP/public/index.php(44): CodeIgniter\CodeIgniter->run()
#5 /var/www/html/SMAP/system/Commands/Server/rewrite.php(45): require_once('/var/www/html/S...')
#6 {main}
CRITICAL - 2021-03-10 21:37:54 --> syntax error, unexpected ')'
#0 /var/www/html/SMAP/system/Router/Router.php(170): CodeIgniter\Router\Router->autoRoute('Pegawai/form_ed...')
#1 /var/www/html/SMAP/system/CodeIgniter.php(816): CodeIgniter\Router\Router->handle('Pegawai/form_ed...')
#2 /var/www/html/SMAP/system/CodeIgniter.php(385): CodeIgniter\CodeIgniter->tryToRouteIt(Object(CodeIgniter\Router\RouteCollection))
#3 /var/www/html/SMAP/system/CodeIgniter.php(333): CodeIgniter\CodeIgniter->handleRequest(NULL, Object(Config\Cache), false)
#4 /var/www/html/SMAP/public/index.php(44): CodeIgniter\CodeIgniter->run()
#5 /var/www/html/SMAP/system/Commands/Server/rewrite.php(45): require_once('/var/www/html/S...')
#6 {main}
CRITICAL - 2021-03-10 21:37:54 --> syntax error, unexpected ')'
#0 /var/www/html/SMAP/system/Router/Router.php(170): CodeIgniter\Router\Router->autoRoute('Pegawai/form_ed...')
#1 /var/www/html/SMAP/system/CodeIgniter.php(816): CodeIgniter\Router\Router->handle('Pegawai/form_ed...')
#2 /var/www/html/SMAP/system/CodeIgniter.php(385): CodeIgniter\CodeIgniter->tryToRouteIt(Object(CodeIgniter\Router\RouteCollection))
#3 /var/www/html/SMAP/system/CodeIgniter.php(333): CodeIgniter\CodeIgniter->handleRequest(NULL, Object(Config\Cache), false)
#4 /var/www/html/SMAP/public/index.php(44): CodeIgniter\CodeIgniter->run()
#5 /var/www/html/SMAP/system/Commands/Server/rewrite.php(45): require_once('/var/www/html/S...')
#6 {main}
ERROR - 2021-03-10 21:38:07 --> mysqli_sql_exception: Unknown column 'id_jabatan' in 'field list' in /var/www/html/SMAP/system/Database/MySQLi/Connection.php:314
Stack trace:
#0 /var/www/html/SMAP/system/Database/MySQLi/Connection.php(314): mysqli->query('SELECT COUNT(`i...')
#1 /var/www/html/SMAP/system/Database/BaseConnection.php(713): CodeIgniter\Database\MySQLi\Connection->execute('SELECT COUNT(`i...')
#2 /var/www/html/SMAP/system/Database/BaseConnection.php(641): CodeIgniter\Database\BaseConnection->simpleQuery('SELECT COUNT(`i...')
#3 /var/www/html/SMAP/system/Database/BaseBuilder.php(1866): CodeIgniter\Database\BaseConnection->query('SELECT COUNT(`i...', Array, false)
#4 /var/www/html/SMAP/system/Model.php(836): CodeIgniter\Database\BaseBuilder->get()
#5 /var/www/html/SMAP/app/Controllers/Pegawai.php(39): CodeIgniter\Model->__call('get', Array)
#6 /var/www/html/SMAP/system/CodeIgniter.php(936): App\Controllers\Pegawai->getJumlah()
#7 /var/www/html/SMAP/system/CodeIgniter.php(432): CodeIgniter\CodeIgniter->runController(Object(App\Controllers\Pegawai))
#8 /var/www/html/SMAP/system/CodeIgniter.php(333): CodeIgniter\CodeIgniter->handleRequest(NULL, Object(Config\Cache), false)
#9 /var/www/html/SMAP/public/index.php(44): CodeIgniter\CodeIgniter->run()
#10 /var/www/html/SMAP/system/Commands/Server/rewrite.php(45): require_once('/var/www/html/S...')
#11 {main}
CRITICAL - 2021-03-10 21:38:07 --> Unknown column 'id_jabatan' in 'field list'
#0 /var/www/html/SMAP/system/Database/MySQLi/Connection.php(314): mysqli->query('SELECT COUNT(`i...')
#1 /var/www/html/SMAP/system/Database/BaseConnection.php(713): CodeIgniter\Database\MySQLi\Connection->execute('SELECT COUNT(`i...')
#2 /var/www/html/SMAP/system/Database/BaseConnection.php(641): CodeIgniter\Database\BaseConnection->simpleQuery('SELECT COUNT(`i...')
#3 /var/www/html/SMAP/system/Database/BaseBuilder.php(1866): CodeIgniter\Database\BaseConnection->query('SELECT COUNT(`i...', Array, false)
#4 /var/www/html/SMAP/system/Model.php(836): CodeIgniter\Database\BaseBuilder->get()
#5 /var/www/html/SMAP/app/Controllers/Pegawai.php(39): CodeIgniter\Model->__call('get', Array)
#6 /var/www/html/SMAP/system/CodeIgniter.php(936): App\Controllers\Pegawai->getJumlah()
#7 /var/www/html/SMAP/system/CodeIgniter.php(432): CodeIgniter\CodeIgniter->runController(Object(App\Controllers\Pegawai))
#8 /var/www/html/SMAP/system/CodeIgniter.php(333): CodeIgniter\CodeIgniter->handleRequest(NULL, Object(Config\Cache), false)
#9 /var/www/html/SMAP/public/index.php(44): CodeIgniter\CodeIgniter->run()
#10 /var/www/html/SMAP/system/Commands/Server/rewrite.php(45): require_once('/var/www/html/S...')
#11 {main}
ERROR - 2021-03-10 21:40:30 --> mysqli_sql_exception: Unknown column 'id_jabatan' in 'field list' in /var/www/html/SMAP/system/Database/MySQLi/Connection.php:314
Stack trace:
#0 /var/www/html/SMAP/system/Database/MySQLi/Connection.php(314): mysqli->query('SELECT COUNT(`i...')
#1 /var/www/html/SMAP/system/Database/BaseConnection.php(713): CodeIgniter\Database\MySQLi\Connection->execute('SELECT COUNT(`i...')
#2 /var/www/html/SMAP/system/Database/BaseConnection.php(641): CodeIgniter\Database\BaseConnection->simpleQuery('SELECT COUNT(`i...')
#3 /var/www/html/SMAP/system/Database/BaseBuilder.php(1866): CodeIgniter\Database\BaseConnection->query('SELECT COUNT(`i...', Array, false)
#4 /var/www/html/SMAP/system/Model.php(836): CodeIgniter\Database\BaseBuilder->get()
#5 /var/www/html/SMAP/app/Controllers/Pegawai.php(39): CodeIgniter\Model->__call('get', Array)
#6 /var/www/html/SMAP/system/CodeIgniter.php(936): App\Controllers\Pegawai->getJumlah()
#7 /var/www/html/SMAP/system/CodeIgniter.php(432): CodeIgniter\CodeIgniter->runController(Object(App\Controllers\Pegawai))
#8 /var/www/html/SMAP/system/CodeIgniter.php(333): CodeIgniter\CodeIgniter->handleRequest(NULL, Object(Config\Cache), false)
#9 /var/www/html/SMAP/public/index.php(44): CodeIgniter\CodeIgniter->run()
#10 /var/www/html/SMAP/system/Commands/Server/rewrite.php(45): require_once('/var/www/html/S...')
#11 {main}
CRITICAL - 2021-03-10 21:40:30 --> Unknown column 'id_jabatan' in 'field list'
#0 /var/www/html/SMAP/system/Database/MySQLi/Connection.php(314): mysqli->query('SELECT COUNT(`i...')
#1 /var/www/html/SMAP/system/Database/BaseConnection.php(713): CodeIgniter\Database\MySQLi\Connection->execute('SELECT COUNT(`i...')
#2 /var/www/html/SMAP/system/Database/BaseConnection.php(641): CodeIgniter\Database\BaseConnection->simpleQuery('SELECT COUNT(`i...')
#3 /var/www/html/SMAP/system/Database/BaseBuilder.php(1866): CodeIgniter\Database\BaseConnection->query('SELECT COUNT(`i...', Array, false)
#4 /var/www/html/SMAP/system/Model.php(836): CodeIgniter\Database\BaseBuilder->get()
#5 /var/www/html/SMAP/app/Controllers/Pegawai.php(39): CodeIgniter\Model->__call('get', Array)
#6 /var/www/html/SMAP/system/CodeIgniter.php(936): App\Controllers\Pegawai->getJumlah()
#7 /var/www/html/SMAP/system/CodeIgniter.php(432): CodeIgniter\CodeIgniter->runController(Object(App\Controllers\Pegawai))
#8 /var/www/html/SMAP/system/CodeIgniter.php(333): CodeIgniter\CodeIgniter->handleRequest(NULL, Object(Config\Cache), false)
#9 /var/www/html/SMAP/public/index.php(44): CodeIgniter\CodeIgniter->run()
#10 /var/www/html/SMAP/system/Commands/Server/rewrite.php(45): require_once('/var/www/html/S...')
#11 {main}
ERROR - 2021-03-10 21:40:33 --> mysqli_sql_exception: Unknown column 'id_jabatan' in 'field list' in /var/www/html/SMAP/system/Database/MySQLi/Connection.php:314
Stack trace:
#0 /var/www/html/SMAP/system/Database/MySQLi/Connection.php(314): mysqli->query('SELECT COUNT(`i...')
#1 /var/www/html/SMAP/system/Database/BaseConnection.php(713): CodeIgniter\Database\MySQLi\Connection->execute('SELECT COUNT(`i...')
#2 /var/www/html/SMAP/system/Database/BaseConnection.php(641): CodeIgniter\Database\BaseConnection->simpleQuery('SELECT COUNT(`i...')
#3 /var/www/html/SMAP/system/Database/BaseBuilder.php(1866): CodeIgniter\Database\BaseConnection->query('SELECT COUNT(`i...', Array, false)
#4 /var/www/html/SMAP/system/Model.php(836): CodeIgniter\Database\BaseBuilder->get()
#5 /var/www/html/SMAP/app/Controllers/Pegawai.php(39): CodeIgniter\Model->__call('get', Array)
#6 /var/www/html/SMAP/system/CodeIgniter.php(936): App\Controllers\Pegawai->getJumlah()
#7 /var/www/html/SMAP/system/CodeIgniter.php(432): CodeIgniter\CodeIgniter->runController(Object(App\Controllers\Pegawai))
#8 /var/www/html/SMAP/system/CodeIgniter.php(333): CodeIgniter\CodeIgniter->handleRequest(NULL, Object(Config\Cache), false)
#9 /var/www/html/SMAP/public/index.php(44): CodeIgniter\CodeIgniter->run()
#10 /var/www/html/SMAP/system/Commands/Server/rewrite.php(45): require_once('/var/www/html/S...')
#11 {main}
CRITICAL - 2021-03-10 21:40:33 --> Unknown column 'id_jabatan' in 'field list'
#0 /var/www/html/SMAP/system/Database/MySQLi/Connection.php(314): mysqli->query('SELECT COUNT(`i...')
#1 /var/www/html/SMAP/system/Database/BaseConnection.php(713): CodeIgniter\Database\MySQLi\Connection->execute('SELECT COUNT(`i...')
#2 /var/www/html/SMAP/system/Database/BaseConnection.php(641): CodeIgniter\Database\BaseConnection->simpleQuery('SELECT COUNT(`i...')
#3 /var/www/html/SMAP/system/Database/BaseBuilder.php(1866): CodeIgniter\Database\BaseConnection->query('SELECT COUNT(`i...', Array, false)
#4 /var/www/html/SMAP/system/Model.php(836): CodeIgniter\Database\BaseBuilder->get()
#5 /var/www/html/SMAP/app/Controllers/Pegawai.php(39): CodeIgniter\Model->__call('get', Array)
#6 /var/www/html/SMAP/system/CodeIgniter.php(936): App\Controllers\Pegawai->getJumlah()
#7 /var/www/html/SMAP/system/CodeIgniter.php(432): CodeIgniter\CodeIgniter->runController(Object(App\Controllers\Pegawai))
#8 /var/www/html/SMAP/system/CodeIgniter.php(333): CodeIgniter\CodeIgniter->handleRequest(NULL, Object(Config\Cache), false)
#9 /var/www/html/SMAP/public/index.php(44): CodeIgniter\CodeIgniter->run()
#10 /var/www/html/SMAP/system/Commands/Server/rewrite.php(45): require_once('/var/www/html/S...')
#11 {main}
