CRITICAL - 2021-03-14 05:21:43 --> Undefined variable: nama_jabatan
#0 /var/www/html/SMAP/app/Views/admin/pegawai/detail.php(39): CodeIgniter\Debug\Exceptions->errorHandler(8, 'Undefined varia...', '/var/www/html/S...', 39, Array)
#1 /var/www/html/SMAP/system/View/View.php(220): include('/var/www/html/S...')
#2 /var/www/html/SMAP/system/View/View.php(222): CodeIgniter\View\View->CodeIgniter\View\{closure}()
#3 /var/www/html/SMAP/system/Common.php(1217): CodeIgniter\View\View->render('admin/pegawai/d...', Array, true)
#4 /var/www/html/SMAP/app/Controllers/Pegawai.php(318): view('admin/pegawai/d...', Array)
#5 /var/www/html/SMAP/system/CodeIgniter.php(936): App\Controllers\Pegawai->show_detail()
#6 /var/www/html/SMAP/system/CodeIgniter.php(432): CodeIgniter\CodeIgniter->runController(Object(App\Controllers\Pegawai))
#7 /var/www/html/SMAP/system/CodeIgniter.php(333): CodeIgniter\CodeIgniter->handleRequest(NULL, Object(Config\Cache), false)
#8 /var/www/html/SMAP/public/index.php(44): CodeIgniter\CodeIgniter->run()
#9 /var/www/html/SMAP/system/Commands/Server/rewrite.php(45): require_once('/var/www/html/S...')
#10 {main}
CRITICAL - 2021-03-14 05:21:44 --> Undefined variable: nama_jabatan
#0 /var/www/html/SMAP/app/Views/admin/pegawai/detail.php(39): CodeIgniter\Debug\Exceptions->errorHandler(8, 'Undefined varia...', '/var/www/html/S...', 39, Array)
#1 /var/www/html/SMAP/system/View/View.php(220): include('/var/www/html/S...')
#2 /var/www/html/SMAP/system/View/View.php(222): CodeIgniter\View\View->CodeIgniter\View\{closure}()
#3 /var/www/html/SMAP/system/Common.php(1217): CodeIgniter\View\View->render('admin/pegawai/d...', Array, true)
#4 /var/www/html/SMAP/app/Controllers/Pegawai.php(318): view('admin/pegawai/d...', Array)
#5 /var/www/html/SMAP/system/CodeIgniter.php(936): App\Controllers\Pegawai->show_detail()
#6 /var/www/html/SMAP/system/CodeIgniter.php(432): CodeIgniter\CodeIgniter->runController(Object(App\Controllers\Pegawai))
#7 /var/www/html/SMAP/system/CodeIgniter.php(333): CodeIgniter\CodeIgniter->handleRequest(NULL, Object(Config\Cache), false)
#8 /var/www/html/SMAP/public/index.php(44): CodeIgniter\CodeIgniter->run()
#9 /var/www/html/SMAP/system/Commands/Server/rewrite.php(45): require_once('/var/www/html/S...')
#10 {main}
CRITICAL - 2021-03-14 06:41:14 --> Undefined index: id
#0 /var/www/html/SMAP/app/Views/admin/profile/read.php(8): CodeIgniter\Debug\Exceptions->errorHandler(8, 'Undefined index...', '/var/www/html/S...', 8, Array)
#1 /var/www/html/SMAP/system/View/View.php(220): include('/var/www/html/S...')
#2 /var/www/html/SMAP/system/View/View.php(222): CodeIgniter\View\View->CodeIgniter\View\{closure}()
#3 /var/www/html/SMAP/system/Common.php(1217): CodeIgniter\View\View->render('admin/profile/r...', Array, true)
#4 /var/www/html/SMAP/app/Controllers/Profile.php(25): view('admin/profile/r...', Array)
#5 /var/www/html/SMAP/system/CodeIgniter.php(936): App\Controllers\Profile->fetch_data()
#6 /var/www/html/SMAP/system/CodeIgniter.php(432): CodeIgniter\CodeIgniter->runController(Object(App\Controllers\Profile))
#7 /var/www/html/SMAP/system/CodeIgniter.php(333): CodeIgniter\CodeIgniter->handleRequest(NULL, Object(Config\Cache), false)
#8 /var/www/html/SMAP/public/index.php(44): CodeIgniter\CodeIgniter->run()
#9 /var/www/html/SMAP/system/Commands/Server/rewrite.php(45): require_once('/var/www/html/S...')
#10 {main}
CRITICAL - 2021-03-14 06:47:27 --> Undefined index: foto
#0 /var/www/html/SMAP/app/Views/admin/profile/read.php(85): CodeIgniter\Debug\Exceptions->errorHandler(8, 'Undefined index...', '/var/www/html/S...', 85, Array)
#1 /var/www/html/SMAP/system/View/View.php(220): include('/var/www/html/S...')
#2 /var/www/html/SMAP/system/View/View.php(222): CodeIgniter\View\View->CodeIgniter\View\{closure}()
#3 /var/www/html/SMAP/system/Common.php(1217): CodeIgniter\View\View->render('admin/profile/r...', Array, true)
#4 /var/www/html/SMAP/app/Controllers/Profile.php(25): view('admin/profile/r...', Array)
#5 /var/www/html/SMAP/system/CodeIgniter.php(936): App\Controllers\Profile->fetch_data()
#6 /var/www/html/SMAP/system/CodeIgniter.php(432): CodeIgniter\CodeIgniter->runController(Object(App\Controllers\Profile))
#7 /var/www/html/SMAP/system/CodeIgniter.php(333): CodeIgniter\CodeIgniter->handleRequest(NULL, Object(Config\Cache), false)
#8 /var/www/html/SMAP/public/index.php(44): CodeIgniter\CodeIgniter->run()
#9 /var/www/html/SMAP/system/Commands/Server/rewrite.php(45): require_once('/var/www/html/S...')
#10 {main}
CRITICAL - 2021-03-14 06:56:52 --> Call to undefined method CodeIgniter\Validation\Validation::getVar()
#0 /var/www/html/SMAP/system/CodeIgniter.php(936): App\Controllers\Profile->submit()
#1 /var/www/html/SMAP/system/CodeIgniter.php(432): CodeIgniter\CodeIgniter->runController(Object(App\Controllers\Profile))
#2 /var/www/html/SMAP/system/CodeIgniter.php(333): CodeIgniter\CodeIgniter->handleRequest(NULL, Object(Config\Cache), false)
#3 /var/www/html/SMAP/public/index.php(44): CodeIgniter\CodeIgniter->run()
#4 /var/www/html/SMAP/system/Commands/Server/rewrite.php(45): require_once('/var/www/html/S...')
#5 {main}
CRITICAL - 2021-03-14 06:56:53 --> Call to undefined method CodeIgniter\Validation\Validation::getVar()
#0 /var/www/html/SMAP/system/CodeIgniter.php(936): App\Controllers\Profile->submit()
#1 /var/www/html/SMAP/system/CodeIgniter.php(432): CodeIgniter\CodeIgniter->runController(Object(App\Controllers\Profile))
#2 /var/www/html/SMAP/system/CodeIgniter.php(333): CodeIgniter\CodeIgniter->handleRequest(NULL, Object(Config\Cache), false)
#3 /var/www/html/SMAP/public/index.php(44): CodeIgniter\CodeIgniter->run()
#4 /var/www/html/SMAP/system/Commands/Server/rewrite.php(45): require_once('/var/www/html/S...')
#5 {main}
CRITICAL - 2021-03-14 06:56:53 --> Call to undefined method CodeIgniter\Validation\Validation::getVar()
#0 /var/www/html/SMAP/system/CodeIgniter.php(936): App\Controllers\Profile->submit()
#1 /var/www/html/SMAP/system/CodeIgniter.php(432): CodeIgniter\CodeIgniter->runController(Object(App\Controllers\Profile))
#2 /var/www/html/SMAP/system/CodeIgniter.php(333): CodeIgniter\CodeIgniter->handleRequest(NULL, Object(Config\Cache), false)
#3 /var/www/html/SMAP/public/index.php(44): CodeIgniter\CodeIgniter->run()
#4 /var/www/html/SMAP/system/Commands/Server/rewrite.php(45): require_once('/var/www/html/S...')
#5 {main}
CRITICAL - 2021-03-14 06:56:54 --> Call to undefined method CodeIgniter\Validation\Validation::getVar()
#0 /var/www/html/SMAP/system/CodeIgniter.php(936): App\Controllers\Profile->submit()
#1 /var/www/html/SMAP/system/CodeIgniter.php(432): CodeIgniter\CodeIgniter->runController(Object(App\Controllers\Profile))
#2 /var/www/html/SMAP/system/CodeIgniter.php(333): CodeIgniter\CodeIgniter->handleRequest(NULL, Object(Config\Cache), false)
#3 /var/www/html/SMAP/public/index.php(44): CodeIgniter\CodeIgniter->run()
#4 /var/www/html/SMAP/system/Commands/Server/rewrite.php(45): require_once('/var/www/html/S...')
#5 {main}
CRITICAL - 2021-03-14 06:57:20 --> Call to undefined method CodeIgniter\Validation\Validation::getVar()
#0 /var/www/html/SMAP/system/CodeIgniter.php(936): App\Controllers\Profile->submit()
#1 /var/www/html/SMAP/system/CodeIgniter.php(432): CodeIgniter\CodeIgniter->runController(Object(App\Controllers\Profile))
#2 /var/www/html/SMAP/system/CodeIgniter.php(333): CodeIgniter\CodeIgniter->handleRequest(NULL, Object(Config\Cache), false)
#3 /var/www/html/SMAP/public/index.php(44): CodeIgniter\CodeIgniter->run()
#4 /var/www/html/SMAP/system/Commands/Server/rewrite.php(45): require_once('/var/www/html/S...')
#5 {main}
CRITICAL - 2021-03-14 07:16:55 --> Undefined index: foto
#0 /var/www/html/SMAP/app/Controllers/Profile.php(185): CodeIgniter\Debug\Exceptions->errorHandler(8, 'Undefined index...', '/var/www/html/S...', 185, Array)
#1 /var/www/html/SMAP/system/CodeIgniter.php(936): App\Controllers\Profile->douploadlogo()
#2 /var/www/html/SMAP/system/CodeIgniter.php(432): CodeIgniter\CodeIgniter->runController(Object(App\Controllers\Profile))
#3 /var/www/html/SMAP/system/CodeIgniter.php(333): CodeIgniter\CodeIgniter->handleRequest(NULL, Object(Config\Cache), false)
#4 /var/www/html/SMAP/public/index.php(44): CodeIgniter\CodeIgniter->run()
#5 /var/www/html/SMAP/system/Commands/Server/rewrite.php(45): require_once('/var/www/html/S...')
#6 {main}
CRITICAL - 2021-03-14 07:17:15 --> unlink(uploads/profile/thumb/thumb_undraw_rocket.svg): No such file or directory
#0 [internal function]: CodeIgniter\Debug\Exceptions->errorHandler(2, 'unlink(uploads/...', '/var/www/html/S...', 189, Array)
#1 /var/www/html/SMAP/app/Controllers/Profile.php(189): unlink('uploads/profile...')
#2 /var/www/html/SMAP/system/CodeIgniter.php(936): App\Controllers\Profile->douploadlogo()
#3 /var/www/html/SMAP/system/CodeIgniter.php(432): CodeIgniter\CodeIgniter->runController(Object(App\Controllers\Profile))
#4 /var/www/html/SMAP/system/CodeIgniter.php(333): CodeIgniter\CodeIgniter->handleRequest(NULL, Object(Config\Cache), false)
#5 /var/www/html/SMAP/public/index.php(44): CodeIgniter\CodeIgniter->run()
#6 /var/www/html/SMAP/system/Commands/Server/rewrite.php(45): require_once('/var/www/html/S...')
#7 {main}
CRITICAL - 2021-03-14 07:17:34 --> The supplied file is not a supported image type.
#0 /var/www/html/SMAP/system/Images/Image.php(113): CodeIgniter\Images\Exceptions\ImageException::forFileNotSupported()
#1 /var/www/html/SMAP/system/Images/Handlers/BaseHandler.php(156): CodeIgniter\Images\Image->getProperties(false)
#2 /var/www/html/SMAP/app/Controllers/Profile.php(201): CodeIgniter\Images\Handlers\BaseHandler->withFile('/tmp/phpQn13kA')
#3 /var/www/html/SMAP/system/CodeIgniter.php(936): App\Controllers\Profile->douploadlogo()
#4 /var/www/html/SMAP/system/CodeIgniter.php(432): CodeIgniter\CodeIgniter->runController(Object(App\Controllers\Profile))
#5 /var/www/html/SMAP/system/CodeIgniter.php(333): CodeIgniter\CodeIgniter->handleRequest(NULL, Object(Config\Cache), false)
#6 /var/www/html/SMAP/public/index.php(44): CodeIgniter\CodeIgniter->run()
#7 /var/www/html/SMAP/system/Commands/Server/rewrite.php(45): require_once('/var/www/html/S...')
#8 {main}
