CRITICAL - 2021-03-09 01:31:49 --> Invalid file: wellcome_massage.php
#0 /var/www/html/SMAP/system/View/View.php(203): CodeIgniter\Exceptions\FrameworkException::forInvalidFile('wellcome_massag...')
#1 /var/www/html/SMAP/system/Common.php(1217): CodeIgniter\View\View->render('wellcome_massag...', Array, true)
#2 /var/www/html/SMAP/app/Controllers/Home.php(9): view('wellcome_massag...')
#3 /var/www/html/SMAP/system/CodeIgniter.php(936): App\Controllers\Home->index()
#4 /var/www/html/SMAP/system/CodeIgniter.php(432): CodeIgniter\CodeIgniter->runController(Object(App\Controllers\Home))
#5 /var/www/html/SMAP/system/CodeIgniter.php(333): CodeIgniter\CodeIgniter->handleRequest(NULL, Object(Config\Cache), false)
#6 /var/www/html/SMAP/public/index.php(44): CodeIgniter\CodeIgniter->run()
#7 /var/www/html/SMAP/system/Commands/Server/rewrite.php(45): require_once('/var/www/html/S...')
#8 {main}
CRITICAL - 2021-03-09 01:31:54 --> Invalid file: wellcome_message.php
#0 /var/www/html/SMAP/system/View/View.php(203): CodeIgniter\Exceptions\FrameworkException::forInvalidFile('wellcome_messag...')
#1 /var/www/html/SMAP/system/Common.php(1217): CodeIgniter\View\View->render('wellcome_messag...', Array, true)
#2 /var/www/html/SMAP/app/Controllers/Home.php(9): view('wellcome_messag...')
#3 /var/www/html/SMAP/system/CodeIgniter.php(936): App\Controllers\Home->index()
#4 /var/www/html/SMAP/system/CodeIgniter.php(432): CodeIgniter\CodeIgniter->runController(Object(App\Controllers\Home))
#5 /var/www/html/SMAP/system/CodeIgniter.php(333): CodeIgniter\CodeIgniter->handleRequest(NULL, Object(Config\Cache), false)
#6 /var/www/html/SMAP/public/index.php(44): CodeIgniter\CodeIgniter->run()
#7 /var/www/html/SMAP/system/Commands/Server/rewrite.php(45): require_once('/var/www/html/S...')
#8 {main}
CRITICAL - 2021-03-09 02:06:16 --> Undefined variable: active
#0 /var/www/html/SMAP/app/Views/admin/layout/sidebar.php(16): CodeIgniter\Debug\Exceptions->errorHandler(8, 'Undefined varia...', '/var/www/html/S...', 16, Array)
#1 /var/www/html/SMAP/system/View/View.php(220): include('/var/www/html/S...')
#2 /var/www/html/SMAP/system/View/View.php(222): CodeIgniter\View\View->CodeIgniter\View\{closure}()
#3 /var/www/html/SMAP/system/View/View.php(468): CodeIgniter\View\View->render('admin/layout/si...', NULL, true)
#4 /var/www/html/SMAP/app/Views/admin/layout/index.php(8): CodeIgniter\View\View->include('admin/layout/si...')
#5 /var/www/html/SMAP/system/View/View.php(220): include('/var/www/html/S...')
#6 /var/www/html/SMAP/system/View/View.php(222): CodeIgniter\View\View->CodeIgniter\View\{closure}()
#7 /var/www/html/SMAP/system/View/View.php(236): CodeIgniter\View\View->render('admin/layout/in...', Array, true)
#8 /var/www/html/SMAP/system/Common.php(1217): CodeIgniter\View\View->render('admin/dashboard...', Array, true)
#9 /var/www/html/SMAP/app/Controllers/Dashboard.php(13): view('admin/dashboard...', Array)
#10 /var/www/html/SMAP/system/CodeIgniter.php(936): App\Controllers\Dashboard->index()
#11 /var/www/html/SMAP/system/CodeIgniter.php(432): CodeIgniter\CodeIgniter->runController(Object(App\Controllers\Dashboard))
#12 /var/www/html/SMAP/system/CodeIgniter.php(333): CodeIgniter\CodeIgniter->handleRequest(NULL, Object(Config\Cache), false)
#13 /var/www/html/SMAP/public/index.php(44): CodeIgniter\CodeIgniter->run()
#14 /var/www/html/SMAP/system/Commands/Server/rewrite.php(45): require_once('/var/www/html/S...')
#15 {main}
CRITICAL - 2021-03-09 02:15:27 --> Undefined variable: head
#0 /var/www/html/SMAP/app/Views/admin/layout/sidebar.php(16): CodeIgniter\Debug\Exceptions->errorHandler(8, 'Undefined varia...', '/var/www/html/S...', 16, Array)
#1 /var/www/html/SMAP/system/View/View.php(220): include('/var/www/html/S...')
#2 /var/www/html/SMAP/system/View/View.php(222): CodeIgniter\View\View->CodeIgniter\View\{closure}()
#3 /var/www/html/SMAP/system/View/View.php(468): CodeIgniter\View\View->render('admin/layout/si...', NULL, true)
#4 /var/www/html/SMAP/app/Views/admin/layout/index.php(8): CodeIgniter\View\View->include('admin/layout/si...')
#5 /var/www/html/SMAP/system/View/View.php(220): include('/var/www/html/S...')
#6 /var/www/html/SMAP/system/View/View.php(222): CodeIgniter\View\View->CodeIgniter\View\{closure}()
#7 /var/www/html/SMAP/system/View/View.php(236): CodeIgniter\View\View->render('admin/layout/in...', Array, true)
#8 /var/www/html/SMAP/system/Common.php(1217): CodeIgniter\View\View->render('admin/pegawai/i...', Array, true)
#9 /var/www/html/SMAP/app/Controllers/Pegawai.php(14): view('admin/pegawai/i...', Array)
#10 /var/www/html/SMAP/system/CodeIgniter.php(936): App\Controllers\Pegawai->index()
#11 /var/www/html/SMAP/system/CodeIgniter.php(432): CodeIgniter\CodeIgniter->runController(Object(App\Controllers\Pegawai))
#12 /var/www/html/SMAP/system/CodeIgniter.php(333): CodeIgniter\CodeIgniter->handleRequest(NULL, Object(Config\Cache), false)
#13 /var/www/html/SMAP/public/index.php(44): CodeIgniter\CodeIgniter->run()
#14 /var/www/html/SMAP/system/Commands/Server/rewrite.php(45): require_once('/var/www/html/S...')
#15 {main}
CRITICAL - 2021-03-09 02:53:09 --> Undefined variable: m
#0 /var/www/html/SMAP/app/Views/admin/pegawai/index.php(57): CodeIgniter\Debug\Exceptions->errorHandler(8, 'Undefined varia...', '/var/www/html/S...', 57, Array)
#1 /var/www/html/SMAP/system/View/View.php(220): include('/var/www/html/S...')
#2 /var/www/html/SMAP/system/View/View.php(222): CodeIgniter\View\View->CodeIgniter\View\{closure}()
#3 /var/www/html/SMAP/system/Common.php(1217): CodeIgniter\View\View->render('admin/pegawai/i...', Array, true)
#4 /var/www/html/SMAP/app/Controllers/Pegawai.php(14): view('admin/pegawai/i...', Array)
#5 /var/www/html/SMAP/system/CodeIgniter.php(936): App\Controllers\Pegawai->index()
#6 /var/www/html/SMAP/system/CodeIgniter.php(432): CodeIgniter\CodeIgniter->runController(Object(App\Controllers\Pegawai))
#7 /var/www/html/SMAP/system/CodeIgniter.php(333): CodeIgniter\CodeIgniter->handleRequest(NULL, Object(Config\Cache), false)
#8 /var/www/html/SMAP/public/index.php(44): CodeIgniter\CodeIgniter->run()
#9 /var/www/html/SMAP/system/Commands/Server/rewrite.php(45): require_once('/var/www/html/S...')
#10 {main}
