ERROR - 2021-03-12 01:45:01 --> mysqli_sql_exception: Unknown column 'id_jabatan' in 'field list' in /var/www/html/SMAP/system/Database/MySQLi/Connection.php:314
Stack trace:
#0 /var/www/html/SMAP/system/Database/MySQLi/Connection.php(314): mysqli->query('SELECT COUNT(`i...')
#1 /var/www/html/SMAP/system/Database/BaseConnection.php(713): CodeIgniter\Database\MySQLi\Connection->execute('SELECT COUNT(`i...')
#2 /var/www/html/SMAP/system/Database/BaseConnection.php(641): CodeIgniter\Database\BaseConnection->simpleQuery('SELECT COUNT(`i...')
#3 /var/www/html/SMAP/system/Database/BaseBuilder.php(1866): CodeIgniter\Database\BaseConnection->query('SELECT COUNT(`i...', Array, false)
#4 /var/www/html/SMAP/system/Model.php(836): CodeIgniter\Database\BaseBuilder->get()
#5 /var/www/html/SMAP/app/Controllers/Pegawai.php(39): CodeIgniter\Model->__call('get', Array)
#6 /var/www/html/SMAP/system/CodeIgniter.php(936): App\Controllers\Pegawai->getJumlah()
#7 /var/www/html/SMAP/system/CodeIgniter.php(432): CodeIgniter\CodeIgniter->runController(Object(App\Controllers\Pegawai))
#8 /var/www/html/SMAP/system/CodeIgniter.php(333): CodeIgniter\CodeIgniter->handleRequest(NULL, Object(Config\Cache), false)
#9 /var/www/html/SMAP/public/index.php(44): CodeIgniter\CodeIgniter->run()
#10 /var/www/html/SMAP/system/Commands/Server/rewrite.php(45): require_once('/var/www/html/S...')
#11 {main}
CRITICAL - 2021-03-12 01:45:01 --> Unknown column 'id_jabatan' in 'field list'
#0 /var/www/html/SMAP/system/Database/MySQLi/Connection.php(314): mysqli->query('SELECT COUNT(`i...')
#1 /var/www/html/SMAP/system/Database/BaseConnection.php(713): CodeIgniter\Database\MySQLi\Connection->execute('SELECT COUNT(`i...')
#2 /var/www/html/SMAP/system/Database/BaseConnection.php(641): CodeIgniter\Database\BaseConnection->simpleQuery('SELECT COUNT(`i...')
#3 /var/www/html/SMAP/system/Database/BaseBuilder.php(1866): CodeIgniter\Database\BaseConnection->query('SELECT COUNT(`i...', Array, false)
#4 /var/www/html/SMAP/system/Model.php(836): CodeIgniter\Database\BaseBuilder->get()
#5 /var/www/html/SMAP/app/Controllers/Pegawai.php(39): CodeIgniter\Model->__call('get', Array)
#6 /var/www/html/SMAP/system/CodeIgniter.php(936): App\Controllers\Pegawai->getJumlah()
#7 /var/www/html/SMAP/system/CodeIgniter.php(432): CodeIgniter\CodeIgniter->runController(Object(App\Controllers\Pegawai))
#8 /var/www/html/SMAP/system/CodeIgniter.php(333): CodeIgniter\CodeIgniter->handleRequest(NULL, Object(Config\Cache), false)
#9 /var/www/html/SMAP/public/index.php(44): CodeIgniter\CodeIgniter->run()
#10 /var/www/html/SMAP/system/Commands/Server/rewrite.php(45): require_once('/var/www/html/S...')
#11 {main}
ERROR - 2021-03-12 01:46:03 --> mysqli_sql_exception: Unknown column 'id_jabatan' in 'field list' in /var/www/html/SMAP/system/Database/MySQLi/Connection.php:314
Stack trace:
#0 /var/www/html/SMAP/system/Database/MySQLi/Connection.php(314): mysqli->query('SELECT COUNT(`i...')
#1 /var/www/html/SMAP/system/Database/BaseConnection.php(713): CodeIgniter\Database\MySQLi\Connection->execute('SELECT COUNT(`i...')
#2 /var/www/html/SMAP/system/Database/BaseConnection.php(641): CodeIgniter\Database\BaseConnection->simpleQuery('SELECT COUNT(`i...')
#3 /var/www/html/SMAP/system/Database/BaseBuilder.php(1866): CodeIgniter\Database\BaseConnection->query('SELECT COUNT(`i...', Array, false)
#4 /var/www/html/SMAP/system/Model.php(836): CodeIgniter\Database\BaseBuilder->get()
#5 /var/www/html/SMAP/app/Controllers/Pegawai.php(39): CodeIgniter\Model->__call('get', Array)
#6 /var/www/html/SMAP/system/CodeIgniter.php(936): App\Controllers\Pegawai->getJumlah()
#7 /var/www/html/SMAP/system/CodeIgniter.php(432): CodeIgniter\CodeIgniter->runController(Object(App\Controllers\Pegawai))
#8 /var/www/html/SMAP/system/CodeIgniter.php(333): CodeIgniter\CodeIgniter->handleRequest(NULL, Object(Config\Cache), false)
#9 /var/www/html/SMAP/public/index.php(44): CodeIgniter\CodeIgniter->run()
#10 /var/www/html/SMAP/system/Commands/Server/rewrite.php(45): require_once('/var/www/html/S...')
#11 {main}
CRITICAL - 2021-03-12 01:46:03 --> Unknown column 'id_jabatan' in 'field list'
#0 /var/www/html/SMAP/system/Database/MySQLi/Connection.php(314): mysqli->query('SELECT COUNT(`i...')
#1 /var/www/html/SMAP/system/Database/BaseConnection.php(713): CodeIgniter\Database\MySQLi\Connection->execute('SELECT COUNT(`i...')
#2 /var/www/html/SMAP/system/Database/BaseConnection.php(641): CodeIgniter\Database\BaseConnection->simpleQuery('SELECT COUNT(`i...')
#3 /var/www/html/SMAP/system/Database/BaseBuilder.php(1866): CodeIgniter\Database\BaseConnection->query('SELECT COUNT(`i...', Array, false)
#4 /var/www/html/SMAP/system/Model.php(836): CodeIgniter\Database\BaseBuilder->get()
#5 /var/www/html/SMAP/app/Controllers/Pegawai.php(39): CodeIgniter\Model->__call('get', Array)
#6 /var/www/html/SMAP/system/CodeIgniter.php(936): App\Controllers\Pegawai->getJumlah()
#7 /var/www/html/SMAP/system/CodeIgniter.php(432): CodeIgniter\CodeIgniter->runController(Object(App\Controllers\Pegawai))
#8 /var/www/html/SMAP/system/CodeIgniter.php(333): CodeIgniter\CodeIgniter->handleRequest(NULL, Object(Config\Cache), false)
#9 /var/www/html/SMAP/public/index.php(44): CodeIgniter\CodeIgniter->run()
#10 /var/www/html/SMAP/system/Commands/Server/rewrite.php(45): require_once('/var/www/html/S...')
#11 {main}
ERROR - 2021-03-12 01:46:42 --> mysqli_sql_exception: Unknown column 'id_jabatan' in 'field list' in /var/www/html/SMAP/system/Database/MySQLi/Connection.php:314
Stack trace:
#0 /var/www/html/SMAP/system/Database/MySQLi/Connection.php(314): mysqli->query('SELECT COUNT(`i...')
#1 /var/www/html/SMAP/system/Database/BaseConnection.php(713): CodeIgniter\Database\MySQLi\Connection->execute('SELECT COUNT(`i...')
#2 /var/www/html/SMAP/system/Database/BaseConnection.php(641): CodeIgniter\Database\BaseConnection->simpleQuery('SELECT COUNT(`i...')
#3 /var/www/html/SMAP/system/Database/BaseBuilder.php(1866): CodeIgniter\Database\BaseConnection->query('SELECT COUNT(`i...', Array, false)
#4 /var/www/html/SMAP/system/Model.php(836): CodeIgniter\Database\BaseBuilder->get()
#5 /var/www/html/SMAP/app/Controllers/Pegawai.php(39): CodeIgniter\Model->__call('get', Array)
#6 /var/www/html/SMAP/system/CodeIgniter.php(936): App\Controllers\Pegawai->getJumlah()
#7 /var/www/html/SMAP/system/CodeIgniter.php(432): CodeIgniter\CodeIgniter->runController(Object(App\Controllers\Pegawai))
#8 /var/www/html/SMAP/system/CodeIgniter.php(333): CodeIgniter\CodeIgniter->handleRequest(NULL, Object(Config\Cache), false)
#9 /var/www/html/SMAP/public/index.php(44): CodeIgniter\CodeIgniter->run()
#10 /var/www/html/SMAP/system/Commands/Server/rewrite.php(45): require_once('/var/www/html/S...')
#11 {main}
CRITICAL - 2021-03-12 01:46:42 --> Unknown column 'id_jabatan' in 'field list'
#0 /var/www/html/SMAP/system/Database/MySQLi/Connection.php(314): mysqli->query('SELECT COUNT(`i...')
#1 /var/www/html/SMAP/system/Database/BaseConnection.php(713): CodeIgniter\Database\MySQLi\Connection->execute('SELECT COUNT(`i...')
#2 /var/www/html/SMAP/system/Database/BaseConnection.php(641): CodeIgniter\Database\BaseConnection->simpleQuery('SELECT COUNT(`i...')
#3 /var/www/html/SMAP/system/Database/BaseBuilder.php(1866): CodeIgniter\Database\BaseConnection->query('SELECT COUNT(`i...', Array, false)
#4 /var/www/html/SMAP/system/Model.php(836): CodeIgniter\Database\BaseBuilder->get()
#5 /var/www/html/SMAP/app/Controllers/Pegawai.php(39): CodeIgniter\Model->__call('get', Array)
#6 /var/www/html/SMAP/system/CodeIgniter.php(936): App\Controllers\Pegawai->getJumlah()
#7 /var/www/html/SMAP/system/CodeIgniter.php(432): CodeIgniter\CodeIgniter->runController(Object(App\Controllers\Pegawai))
#8 /var/www/html/SMAP/system/CodeIgniter.php(333): CodeIgniter\CodeIgniter->handleRequest(NULL, Object(Config\Cache), false)
#9 /var/www/html/SMAP/public/index.php(44): CodeIgniter\CodeIgniter->run()
#10 /var/www/html/SMAP/system/Commands/Server/rewrite.php(45): require_once('/var/www/html/S...')
#11 {main}
ERROR - 2021-03-12 01:47:44 --> mysqli_sql_exception: Unknown column 'id' in 'field list' in /var/www/html/SMAP/system/Database/MySQLi/Connection.php:314
Stack trace:
#0 /var/www/html/SMAP/system/Database/MySQLi/Connection.php(314): mysqli->query('SELECT COUNT(`i...')
#1 /var/www/html/SMAP/system/Database/BaseConnection.php(713): CodeIgniter\Database\MySQLi\Connection->execute('SELECT COUNT(`i...')
#2 /var/www/html/SMAP/system/Database/BaseConnection.php(641): CodeIgniter\Database\BaseConnection->simpleQuery('SELECT COUNT(`i...')
#3 /var/www/html/SMAP/system/Database/BaseBuilder.php(1866): CodeIgniter\Database\BaseConnection->query('SELECT COUNT(`i...', Array, false)
#4 /var/www/html/SMAP/system/Model.php(836): CodeIgniter\Database\BaseBuilder->get()
#5 /var/www/html/SMAP/app/Controllers/Pegawai.php(39): CodeIgniter\Model->__call('get', Array)
#6 /var/www/html/SMAP/system/CodeIgniter.php(936): App\Controllers\Pegawai->getJumlah()
#7 /var/www/html/SMAP/system/CodeIgniter.php(432): CodeIgniter\CodeIgniter->runController(Object(App\Controllers\Pegawai))
#8 /var/www/html/SMAP/system/CodeIgniter.php(333): CodeIgniter\CodeIgniter->handleRequest(NULL, Object(Config\Cache), false)
#9 /var/www/html/SMAP/public/index.php(44): CodeIgniter\CodeIgniter->run()
#10 /var/www/html/SMAP/system/Commands/Server/rewrite.php(45): require_once('/var/www/html/S...')
#11 {main}
CRITICAL - 2021-03-12 01:47:44 --> Unknown column 'id' in 'field list'
#0 /var/www/html/SMAP/system/Database/MySQLi/Connection.php(314): mysqli->query('SELECT COUNT(`i...')
#1 /var/www/html/SMAP/system/Database/BaseConnection.php(713): CodeIgniter\Database\MySQLi\Connection->execute('SELECT COUNT(`i...')
#2 /var/www/html/SMAP/system/Database/BaseConnection.php(641): CodeIgniter\Database\BaseConnection->simpleQuery('SELECT COUNT(`i...')
#3 /var/www/html/SMAP/system/Database/BaseBuilder.php(1866): CodeIgniter\Database\BaseConnection->query('SELECT COUNT(`i...', Array, false)
#4 /var/www/html/SMAP/system/Model.php(836): CodeIgniter\Database\BaseBuilder->get()
#5 /var/www/html/SMAP/app/Controllers/Pegawai.php(39): CodeIgniter\Model->__call('get', Array)
#6 /var/www/html/SMAP/system/CodeIgniter.php(936): App\Controllers\Pegawai->getJumlah()
#7 /var/www/html/SMAP/system/CodeIgniter.php(432): CodeIgniter\CodeIgniter->runController(Object(App\Controllers\Pegawai))
#8 /var/www/html/SMAP/system/CodeIgniter.php(333): CodeIgniter\CodeIgniter->handleRequest(NULL, Object(Config\Cache), false)
#9 /var/www/html/SMAP/public/index.php(44): CodeIgniter\CodeIgniter->run()
#10 /var/www/html/SMAP/system/Commands/Server/rewrite.php(45): require_once('/var/www/html/S...')
#11 {main}
ERROR - 2021-03-12 01:48:00 --> mysqli_sql_exception: Unknown column 'id' in 'field list' in /var/www/html/SMAP/system/Database/MySQLi/Connection.php:314
Stack trace:
#0 /var/www/html/SMAP/system/Database/MySQLi/Connection.php(314): mysqli->query('SELECT COUNT(`i...')
#1 /var/www/html/SMAP/system/Database/BaseConnection.php(713): CodeIgniter\Database\MySQLi\Connection->execute('SELECT COUNT(`i...')
#2 /var/www/html/SMAP/system/Database/BaseConnection.php(641): CodeIgniter\Database\BaseConnection->simpleQuery('SELECT COUNT(`i...')
#3 /var/www/html/SMAP/system/Database/BaseBuilder.php(1866): CodeIgniter\Database\BaseConnection->query('SELECT COUNT(`i...', Array, false)
#4 /var/www/html/SMAP/system/Model.php(836): CodeIgniter\Database\BaseBuilder->get()
#5 /var/www/html/SMAP/app/Controllers/Pegawai.php(39): CodeIgniter\Model->__call('get', Array)
#6 /var/www/html/SMAP/system/CodeIgniter.php(936): App\Controllers\Pegawai->getJumlah()
#7 /var/www/html/SMAP/system/CodeIgniter.php(432): CodeIgniter\CodeIgniter->runController(Object(App\Controllers\Pegawai))
#8 /var/www/html/SMAP/system/CodeIgniter.php(333): CodeIgniter\CodeIgniter->handleRequest(NULL, Object(Config\Cache), false)
#9 /var/www/html/SMAP/public/index.php(44): CodeIgniter\CodeIgniter->run()
#10 /var/www/html/SMAP/system/Commands/Server/rewrite.php(45): require_once('/var/www/html/S...')
#11 {main}
CRITICAL - 2021-03-12 01:48:00 --> Unknown column 'id' in 'field list'
#0 /var/www/html/SMAP/system/Database/MySQLi/Connection.php(314): mysqli->query('SELECT COUNT(`i...')
#1 /var/www/html/SMAP/system/Database/BaseConnection.php(713): CodeIgniter\Database\MySQLi\Connection->execute('SELECT COUNT(`i...')
#2 /var/www/html/SMAP/system/Database/BaseConnection.php(641): CodeIgniter\Database\BaseConnection->simpleQuery('SELECT COUNT(`i...')
#3 /var/www/html/SMAP/system/Database/BaseBuilder.php(1866): CodeIgniter\Database\BaseConnection->query('SELECT COUNT(`i...', Array, false)
#4 /var/www/html/SMAP/system/Model.php(836): CodeIgniter\Database\BaseBuilder->get()
#5 /var/www/html/SMAP/app/Controllers/Pegawai.php(39): CodeIgniter\Model->__call('get', Array)
#6 /var/www/html/SMAP/system/CodeIgniter.php(936): App\Controllers\Pegawai->getJumlah()
#7 /var/www/html/SMAP/system/CodeIgniter.php(432): CodeIgniter\CodeIgniter->runController(Object(App\Controllers\Pegawai))
#8 /var/www/html/SMAP/system/CodeIgniter.php(333): CodeIgniter\CodeIgniter->handleRequest(NULL, Object(Config\Cache), false)
#9 /var/www/html/SMAP/public/index.php(44): CodeIgniter\CodeIgniter->run()
#10 /var/www/html/SMAP/system/Commands/Server/rewrite.php(45): require_once('/var/www/html/S...')
#11 {main}
CRITICAL - 2021-03-12 01:48:35 --> syntax error, unexpected 'public' (T_PUBLIC)
#0 /var/www/html/SMAP/system/Router/Router.php(170): CodeIgniter\Router\Router->autoRoute('Pegawai/getJuml...')
#1 /var/www/html/SMAP/system/CodeIgniter.php(816): CodeIgniter\Router\Router->handle('Pegawai/getJuml...')
#2 /var/www/html/SMAP/system/CodeIgniter.php(385): CodeIgniter\CodeIgniter->tryToRouteIt(Object(CodeIgniter\Router\RouteCollection))
#3 /var/www/html/SMAP/system/CodeIgniter.php(333): CodeIgniter\CodeIgniter->handleRequest(NULL, Object(Config\Cache), false)
#4 /var/www/html/SMAP/public/index.php(44): CodeIgniter\CodeIgniter->run()
#5 /var/www/html/SMAP/system/Commands/Server/rewrite.php(45): require_once('/var/www/html/S...')
#6 {main}
ERROR - 2021-03-12 01:48:53 --> mysqli_sql_exception: Unknown column 'id' in 'field list' in /var/www/html/SMAP/system/Database/MySQLi/Connection.php:314
Stack trace:
#0 /var/www/html/SMAP/system/Database/MySQLi/Connection.php(314): mysqli->query('SELECT COUNT(`i...')
#1 /var/www/html/SMAP/system/Database/BaseConnection.php(713): CodeIgniter\Database\MySQLi\Connection->execute('SELECT COUNT(`i...')
#2 /var/www/html/SMAP/system/Database/BaseConnection.php(641): CodeIgniter\Database\BaseConnection->simpleQuery('SELECT COUNT(`i...')
#3 /var/www/html/SMAP/system/Database/BaseBuilder.php(1866): CodeIgniter\Database\BaseConnection->query('SELECT COUNT(`i...', Array, false)
#4 /var/www/html/SMAP/system/Model.php(836): CodeIgniter\Database\BaseBuilder->get()
#5 /var/www/html/SMAP/app/Controllers/Pegawai.php(39): CodeIgniter\Model->__call('get', Array)
#6 /var/www/html/SMAP/system/CodeIgniter.php(936): App\Controllers\Pegawai->getJumlah()
#7 /var/www/html/SMAP/system/CodeIgniter.php(432): CodeIgniter\CodeIgniter->runController(Object(App\Controllers\Pegawai))
#8 /var/www/html/SMAP/system/CodeIgniter.php(333): CodeIgniter\CodeIgniter->handleRequest(NULL, Object(Config\Cache), false)
#9 /var/www/html/SMAP/public/index.php(44): CodeIgniter\CodeIgniter->run()
#10 /var/www/html/SMAP/system/Commands/Server/rewrite.php(45): require_once('/var/www/html/S...')
#11 {main}
CRITICAL - 2021-03-12 01:48:53 --> Unknown column 'id' in 'field list'
#0 /var/www/html/SMAP/system/Database/MySQLi/Connection.php(314): mysqli->query('SELECT COUNT(`i...')
#1 /var/www/html/SMAP/system/Database/BaseConnection.php(713): CodeIgniter\Database\MySQLi\Connection->execute('SELECT COUNT(`i...')
#2 /var/www/html/SMAP/system/Database/BaseConnection.php(641): CodeIgniter\Database\BaseConnection->simpleQuery('SELECT COUNT(`i...')
#3 /var/www/html/SMAP/system/Database/BaseBuilder.php(1866): CodeIgniter\Database\BaseConnection->query('SELECT COUNT(`i...', Array, false)
#4 /var/www/html/SMAP/system/Model.php(836): CodeIgniter\Database\BaseBuilder->get()
#5 /var/www/html/SMAP/app/Controllers/Pegawai.php(39): CodeIgniter\Model->__call('get', Array)
#6 /var/www/html/SMAP/system/CodeIgniter.php(936): App\Controllers\Pegawai->getJumlah()
#7 /var/www/html/SMAP/system/CodeIgniter.php(432): CodeIgniter\CodeIgniter->runController(Object(App\Controllers\Pegawai))
#8 /var/www/html/SMAP/system/CodeIgniter.php(333): CodeIgniter\CodeIgniter->handleRequest(NULL, Object(Config\Cache), false)
#9 /var/www/html/SMAP/public/index.php(44): CodeIgniter\CodeIgniter->run()
#10 /var/www/html/SMAP/system/Commands/Server/rewrite.php(45): require_once('/var/www/html/S...')
#11 {main}
ERROR - 2021-03-12 02:03:32 --> mysqli_sql_exception: Table 'SMAP.perusahaan' doesn't exist in /var/www/html/SMAP/system/Database/MySQLi/Connection.php:314
Stack trace:
#0 /var/www/html/SMAP/system/Database/MySQLi/Connection.php(314): mysqli->query('SELECT *\nFROM `...')
#1 /var/www/html/SMAP/system/Database/BaseConnection.php(713): CodeIgniter\Database\MySQLi\Connection->execute('SELECT *\nFROM `...')
#2 /var/www/html/SMAP/system/Database/BaseConnection.php(641): CodeIgniter\Database\BaseConnection->simpleQuery('SELECT *\nFROM `...')
#3 /var/www/html/SMAP/system/Database/BaseBuilder.php(1866): CodeIgniter\Database\BaseConnection->query('SELECT *\nFROM `...', Array, false)
#4 /var/www/html/SMAP/system/Model.php(836): CodeIgniter\Database\BaseBuilder->get()
#5 /var/www/html/SMAP/app/Controllers/Home.php(19): CodeIgniter\Model->__call('get', Array)
#6 /var/www/html/SMAP/system/CodeIgniter.php(936): App\Controllers\Home->index()
#7 /var/www/html/SMAP/system/CodeIgniter.php(432): CodeIgniter\CodeIgniter->runController(Object(App\Controllers\Home))
#8 /var/www/html/SMAP/system/CodeIgniter.php(333): CodeIgniter\CodeIgniter->handleRequest(NULL, Object(Config\Cache), false)
#9 /var/www/html/SMAP/public/index.php(44): CodeIgniter\CodeIgniter->run()
#10 /var/www/html/SMAP/system/Commands/Server/rewrite.php(45): require_once('/var/www/html/S...')
#11 {main}
CRITICAL - 2021-03-12 02:03:32 --> Table 'SMAP.perusahaan' doesn't exist
#0 /var/www/html/SMAP/system/Database/MySQLi/Connection.php(314): mysqli->query('SELECT *\nFROM `...')
#1 /var/www/html/SMAP/system/Database/BaseConnection.php(713): CodeIgniter\Database\MySQLi\Connection->execute('SELECT *\nFROM `...')
#2 /var/www/html/SMAP/system/Database/BaseConnection.php(641): CodeIgniter\Database\BaseConnection->simpleQuery('SELECT *\nFROM `...')
#3 /var/www/html/SMAP/system/Database/BaseBuilder.php(1866): CodeIgniter\Database\BaseConnection->query('SELECT *\nFROM `...', Array, false)
#4 /var/www/html/SMAP/system/Model.php(836): CodeIgniter\Database\BaseBuilder->get()
#5 /var/www/html/SMAP/app/Controllers/Home.php(19): CodeIgniter\Model->__call('get', Array)
#6 /var/www/html/SMAP/system/CodeIgniter.php(936): App\Controllers\Home->index()
#7 /var/www/html/SMAP/system/CodeIgniter.php(432): CodeIgniter\CodeIgniter->runController(Object(App\Controllers\Home))
#8 /var/www/html/SMAP/system/CodeIgniter.php(333): CodeIgniter\CodeIgniter->handleRequest(NULL, Object(Config\Cache), false)
#9 /var/www/html/SMAP/public/index.php(44): CodeIgniter\CodeIgniter->run()
#10 /var/www/html/SMAP/system/Commands/Server/rewrite.php(45): require_once('/var/www/html/S...')
#11 {main}
